Log file open, 11/15/18 20:10:07
LogWindows: Failed to load 'aqProf.dll' (GetLastError=126)
LogWindows: File 'aqProf.dll' does not exist
LogWindows: Failed to load 'VSPerf140.dll' (GetLastError=126)
LogWindows: File 'VSPerf140.dll' does not exist
LogWindows: Failed to load 'VtuneApi.dll' (GetLastError=126)
LogWindows: File 'VtuneApi.dll' does not exist
LogWindows: Failed to load 'VtuneApi32e.dll' (GetLastError=126)
LogWindows: File 'VtuneApi32e.dll' does not exist
LogInit: Display: Running engine for game: InfiniteMatrix
LogPlatformFile: Not using cached read wrapper
LogTaskGraph: Started task graph with 5 named threads and 17 total threads with 3 sets of task threads.
LogStats: Stats thread started at 0.247704
LogD3D11RHI: Loaded GFSDK_Aftermath_Lib.x64.dll
LogICUInternationalization: Display: ICU TimeZone Detection - Raw Offset: +3:00, Platform Override: ''
LogPluginManager: Mounting plugin Paper2D
LogPluginManager: Mounting plugin AISupport
LogPluginManager: Mounting plugin LightPropagationVolume
LogPluginManager: Mounting plugin CLionSourceCodeAccess
LogPluginManager: Mounting plugin CodeLiteSourceCodeAccess
LogPluginManager: Mounting plugin GitSourceControl
LogPluginManager: Mounting plugin KDevelopSourceCodeAccess
LogPluginManager: Mounting plugin NullSourceCodeAccess
LogPluginManager: Mounting plugin PerforceSourceControl
LogPluginManager: Mounting plugin SubversionSourceControl
LogPluginManager: Mounting plugin UObjectPlugin
LogPluginManager: Mounting plugin VisualStudioCodeSourceCodeAccess
LogPluginManager: Mounting plugin VisualStudioSourceCodeAccess
LogPluginManager: Mounting plugin XCodeSourceCodeAccess
LogPluginManager: Mounting plugin AssetManagerEditor
LogPluginManager: Mounting plugin CryptoKeys
LogPluginManager: Mounting plugin DataValidation
LogPluginManager: Mounting plugin FacialAnimation
LogPluginManager: Mounting plugin GameplayTagsEditor
LogPluginManager: Mounting plugin MacGraphicsSwitching
LogPluginManager: Mounting plugin MeshEditor
LogPluginManager: Mounting plugin MobileLauncherProfileWizard
LogPluginManager: Mounting plugin PluginBrowser
LogPluginManager: Mounting plugin SpeedTreeImporter
LogPluginManager: Mounting plugin DatasmithContent
LogPluginManager: Mounting plugin AlembicImporter
LogPluginManager: Mounting plugin AppleImageUtils
LogPluginManager: Mounting plugin AppleVision
LogPluginManager: Mounting plugin BackChannel
LogPluginManager: Mounting plugin CharacterAI
LogPluginManager: Mounting plugin GeometryCache
LogPluginManager: Mounting plugin HTML5Networking
LogPluginManager: Mounting plugin ProxyLODPlugin
LogPluginManager: Mounting plugin MagicLeap
LogPluginManager: Mounting plugin MagicLeapEmulator
LogPluginManager: Mounting plugin MagicLeapMedia
LogPluginManager: Mounting plugin AndroidMedia
LogPluginManager: Mounting plugin AvfMedia
LogPluginManager: Mounting plugin ImgMedia
LogPluginManager: Mounting plugin LinearTimecode
LogPluginManager: Mounting plugin MediaCompositing
LogPluginManager: Mounting plugin MediaPlayerEditor
LogPluginManager: Mounting plugin WmfMedia
LogPluginManager: Mounting plugin TcpMessaging
LogPluginManager: Mounting plugin UdpMessaging
LogPluginManager: Mounting plugin ActorSequence
LogPluginManager: Mounting plugin LevelSequenceEditor
LogPluginManager: Mounting plugin MatineeToLevelSequence
LogPluginManager: Mounting plugin NetcodeUnitTest
LogPluginManager: Mounting plugin NUTUnrealEngine4
LogPluginManager: Mounting plugin OnlineSubsystemGooglePlay
LogPluginManager: Mounting plugin OnlineSubsystemIOS
LogPluginManager: Mounting plugin OnlineSubsystem
LogPluginManager: Mounting plugin OnlineSubsystemNull
LogPluginManager: Mounting plugin OnlineSubsystemUtils
LogPluginManager: Mounting plugin LauncherChunkInstaller
LogPluginManager: Mounting plugin AndroidDeviceProfileSelector
LogPluginManager: Mounting plugin AndroidMoviePlayer
LogPluginManager: Mounting plugin AndroidPermission
LogPluginManager: Mounting plugin AppleMoviePlayer
LogPluginManager: Mounting plugin ArchVisCharacter
LogPluginManager: Mounting plugin AudioCapture
LogPluginManager: Mounting plugin CableComponent
LogPluginManager: Mounting plugin CustomMeshComponent
LogPluginManager: Mounting plugin EditableMesh
LogPluginManager: Mounting plugin ExampleDeviceProfileSelector
LogPluginManager: Mounting plugin GoogleCloudMessaging
LogPluginManager: Mounting plugin ImmediatePhysics
LogPluginManager: Mounting plugin IOSDeviceProfileSelector
LogPluginManager: Mounting plugin LinuxDeviceProfileSelector
LogPluginManager: Mounting plugin LocationServicesBPLibrary
LogPluginManager: Mounting plugin MobilePatchingUtils
LogPluginManager: Mounting plugin OculusVR
LogPluginManager: Plugin shader directory ../../../Engine/Plugins/Runtime/Oculus/OculusVR/Shaders found
LogPluginManager: Mapping shader source directory ../../../Engine/Plugins/Runtime/Oculus/OculusVR/Shaders to virtual directory /Plugin/OculusVR
LogPluginManager: Mounting plugin PhysXVehicles
LogPluginManager: Mounting plugin ProceduralMeshComponent
LogPluginManager: Mounting plugin RuntimePhysXCooking
LogPluginManager: Mounting plugin SoundMod
LogPluginManager: Mounting plugin SoundUtilities
LogPluginManager: Mounting plugin SoundVisualizations
LogPluginManager: Mounting plugin SteamVR
LogPluginManager: Mounting plugin Synthesis
LogPluginManager: Mounting plugin WindowsMoviePlayer
LogStreaming: Display: Took  0.146s to configure plugins.
LogInit: Using libcurl 7.55.1-DEV
LogInit:  - built for x86_64-pc-win32
LogInit:  - supports SSL with OpenSSL/1.0.2h
LogInit:  - supports HTTP deflate (compression) using libz 1.2.8
LogInit:  - other features:
LogInit:      CURL_VERSION_SSL
LogInit:      CURL_VERSION_LIBZ
LogInit:      CURL_VERSION_IPV6
LogInit:      CURL_VERSION_ASYNCHDNS
LogInit:      CURL_VERSION_LARGEFILE
LogInit:      CURL_VERSION_IDN
LogInit:  CurlRequestOptions (configurable via config and command line):
LogInit:  - bVerifyPeer = false  - Libcurl will NOT verify peer certificate
LogInit:  - bUseHttpProxy = false  - Libcurl will NOT use HTTP proxy
LogInit:  - bDontReuseConnections = false  - Libcurl will reuse connections
LogInit:  - CertBundlePath = nullptr  - Libcurl will use whatever was configured at build time.
LogInit:  - MaxHostConnections = 16  - Libcurl will limit the number of connections to a host
LogInit:  - LocalHostAddr = Default
LogInit:  - BufferSize = 65536
LogInit: WinSock: version 1.1 (2.2), MaxSocks=32767, MaxUdp=65467
LogInit: Build: ++UE4+Release-4.20-CL-4369336
LogInit: Engine Version: 4.20.3-4369336+++UE4+Release-4.20
LogInit: Compatible Engine Version: 4.20.0-4212847+++UE4+Release-4.20
LogInit: Net CL: 4212847
LogInit: OS: Windows 10 (), CPU: AMD FX(tm)-6300 Six-Core Processor             , GPU: 67EF:CF
LogInit: Compiled (64-bit): Sep 17 2018 12:26:19
LogInit: Compiled with Visual C++: 19.13.26129.00
LogInit: Build Configuration: Development
LogInit: Branch Name: ++UE4+Release-4.20
LogInit: Command Line:  
LogInit: Base Directory: A:/Unreal Engine/UE_4.20/Engine/Binaries/Win64/
LogInit: Installed Engine Build: 1
LogDevObjectVersion: Number of dev versions registered: 20
LogDevObjectVersion:   Dev-Blueprints (B0D832E4-1F89-4F0D-ACCF-7EB736FD4AA2): 10
LogDevObjectVersion:   Dev-Build (E1C64328-A22C-4D53-A36C-8E866417BD8C): 0
LogDevObjectVersion:   Dev-Core (375EC13C-06E4-48FB-B500-84F0262A717E): 2
LogDevObjectVersion:   Dev-Editor (E4B068ED-F494-42E9-A231-DA0B2E46BB41): 24
LogDevObjectVersion:   Dev-Framework (CFFC743F-43B0-4480-9391-14DF171D2073): 34
LogDevObjectVersion:   Dev-Mobile (B02B49B5-BB20-44E9-A304-32B752E40360): 2
LogDevObjectVersion:   Dev-Networking (A4E4105C-59A1-49B5-A7C5-40C4547EDFEE): 0
LogDevObjectVersion:   Dev-Online (39C831C9-5AE6-47DC-9A44-9C173E1C8E7C): 0
LogDevObjectVersion:   Dev-Physics (78F01B33-EBEA-4F98-B9B4-84EACCB95AA2): 0
LogDevObjectVersion:   Dev-Platform (6631380F-2D4D-43E0-8009-CF276956A95A): 0
LogDevObjectVersion:   Dev-Rendering (12F88B9F-8875-4AFC-A67C-D90C383ABD29): 26
LogDevObjectVersion:   Dev-Sequencer (7B5AE74C-D270-4C10-A958-57980B212A5A): 9
LogDevObjectVersion:   Dev-VR (D7296918-1DD6-4BDD-9DE2-64A83CC13884): 2
LogDevObjectVersion:   Dev-LoadTimes (C2A15278-BFE7-4AFE-6C17-90FF531DF755): 1
LogDevObjectVersion:   Private-Geometry (6EACA3D4-40EC-4CC1-B786-8BED09428FC5): 3
LogDevObjectVersion:   Dev-AnimPhys (29E575DD-E0A3-4627-9D10-D276232CDCEA): 17
LogDevObjectVersion:   Dev-ReflectionCapture (6B266CEC-1EC7-4B8F-A30B-E4D90942FC07): 1
LogDevObjectVersion:   Dev-Automation (0DF73D61-A23F-47EA-B727-89E90C41499A): 1
LogDevObjectVersion:   FortniteMain (601D1886-AC64-4F84-AA16-D3DE0DEAC7D6): 12
LogDevObjectVersion:   Dev-Enterprise (9DFFBCD6-494F-0158-E221-12823C92A888): 1
LogStreaming: Display: Took  0.004s to delete old logs.
LogInit: Presizing for max 8388607 objects, including 0 objects not considered by GC, pre-allocating 0 bytes for permanent pool.
LogInit: Object subsystem initialized
[2018.11.15-17.10.07:598][  0]LogInit: Selected Device Profile: [Windows]
[2018.11.15-17.10.07:598][  0]LogInit: Applying CVar settings loaded from the selected device profile: [Windows]
[2018.11.15-17.10.07:611][  0]LogHAL: Display: Platform has ~ 8 GB [8535724032 / 8589934592 / 8], which maps to Default [LargestMinGB=32, LargerMinGB=12, DefaultMinGB=8, SmallerMinGB=6, SmallestMinGB=0)
[2018.11.15-17.10.07:611][  0]LogInit: Setting Device Profile CVar: [[r.Vulkan.UseRealUBs:1]]
[2018.11.15-17.10.07:611][  0]LogInit: Going up to parent DeviceProfile []
[2018.11.15-17.10.07:611][  0]LogInit: Computer: COMPUTER
[2018.11.15-17.10.07:611][  0]LogInit: User: TemoZa
[2018.11.15-17.10.07:611][  0]LogInit: CPU Page size=4096, Cores=3
[2018.11.15-17.10.07:611][  0]LogInit: High frequency timer resolution =4.004040 MHz
[2018.11.15-17.10.07:612][  0]LogMemory: Memory total: Physical=7.9GB (8GB approx)
[2018.11.15-17.10.07:612][  0]LogMemory: Platform Memory Stats for Windows
[2018.11.15-17.10.07:612][  0]LogMemory: Process Physical Memory: 100.75 MB used, 100.75 MB peak
[2018.11.15-17.10.07:612][  0]LogMemory: Process Virtual Memory: 84.70 MB used, 84.70 MB peak
[2018.11.15-17.10.07:612][  0]LogMemory: Physical Memory: 4785.38 MB used,  3354.93 MB free, 8140.30 MB total
[2018.11.15-17.10.07:612][  0]LogMemory: Virtual Memory: 495.73 MB used,  3354.93 MB free, 134217728.00 MB total
[2018.11.15-17.10.07:641][  0]LogInit: Using OS detected language (ru-RU).
[2018.11.15-17.10.07:641][  0]LogInit: Using OS detected locale (ru-RU).
[2018.11.15-17.10.07:642][  0]LogTextLocalizationManager: No specific localization for 'ru-RU' exists, so the 'ru' localization will be used.
[2018.11.15-17.10.07:644][  0]LogStreaming: Display: Took  0.004s to InitEngineTextLocalization.
[2018.11.15-17.10.07:645][  0]LogInit: Setting process to per monitor DPI aware
[2018.11.15-17.10.07:692][  0]LogSlate: New Slate User Created.  User Index 0, Is Virtual User: 0
[2018.11.15-17.10.07:692][  0]LogSlate: Slate User Registered.  User Index 0, Is Virtual User: 0
[2018.11.15-17.10.08:131][  0]LogHMD: Failed to initialize OpenVR with code 110
[2018.11.15-17.10.08:131][  0]LogD3D11RHI: D3D11 adapters:
[2018.11.15-17.10.08:176][  0]LogD3D11RHI:    0. 'Radeon(TM) RX 460 Graphics' (Feature Level 11_0)
[2018.11.15-17.10.08:176][  0]LogD3D11RHI:       1993/0/4070 MB DedicatedVideo/DedicatedSystem/SharedSystem, Outputs:2, VendorId:0x1002
[2018.11.15-17.10.08:179][  0]LogD3D11RHI:    1. 'Microsoft Basic Render Driver' (Feature Level 11_0)
[2018.11.15-17.10.08:179][  0]LogD3D11RHI:       0/0/4070 MB DedicatedVideo/DedicatedSystem/SharedSystem, Outputs:0, VendorId:0x1414
[2018.11.15-17.10.08:179][  0]LogD3D11RHI: Chosen D3D11 Adapter: 0
[2018.11.15-17.10.08:184][  0]LogD3D11RHI: Creating new Direct3DDevice
[2018.11.15-17.10.08:184][  0]LogD3D11RHI:     GPU DeviceId: 0x67ef (for the marketing name, search the web for "GPU Device Id")
[2018.11.15-17.10.08:184][  0]LogWindows: EnumDisplayDevices:
[2018.11.15-17.10.08:185][  0]LogWindows:    0. '67EF:CF' (P:1 D:1)
[2018.11.15-17.10.08:185][  0]LogWindows:    1. '67EF:CF' (P:0 D:1)
[2018.11.15-17.10.08:185][  0]LogWindows:    2. '67EF:CF' (P:0 D:0)
[2018.11.15-17.10.08:186][  0]LogWindows:    3. '67EF:CF' (P:0 D:0)
[2018.11.15-17.10.08:186][  0]LogWindows:    4. '67EF:CF' (P:0 D:0)
[2018.11.15-17.10.08:186][  0]LogWindows: DebugString: FoundDriverCount:5 
[2018.11.15-17.10.08:186][  0]LogD3D11RHI:     Adapter Name: Radeon(TM) RX 460 Graphics
[2018.11.15-17.10.08:186][  0]LogD3D11RHI:   Driver Version: Adrenalin 18.11.1 (internal:25.20.14011.1003, unified:25.20.14011.1003)
[2018.11.15-17.10.08:186][  0]LogD3D11RHI:      Driver Date: 11-7-2018
[2018.11.15-17.10.08:186][  0]LogRHI: Texture pool is 1395 MB (70% of 1993 MB)
[2018.11.15-17.10.08:354][  0]LogD3D11RHI: Async texture creation enabled
[2018.11.15-17.10.08:367][  0]LogD3D11RHI: GPU Timing Frequency: 25.000000 (Debug: 2 1)
[2018.11.15-17.10.08:368][  0]LogShaderCompilers: Guid format shader working directory is 2 characters bigger than the processId version (C:/Users/TemoZa/Desktop/InfiniteMatrixStarter/Intermediate/Shaders/WorkingDirectory/8588/).
[2018.11.15-17.10.08:368][  0]LogShaderCompilers: Cleaned the shader compiler working directory 'C:/Users/TemoZa/AppData/Local/Temp/UnrealShaderWorkingDir/3E1B08424232BCB04BA64EB73F206671/'.
[2018.11.15-17.10.08:692][  0]LogTemp: Display: Loaded TP AllDesktopTargetPlatform
[2018.11.15-17.10.08:713][  0]LogTemp: Display: Loaded TP MacClientTargetPlatform
[2018.11.15-17.10.08:738][  0]LogTemp: Display: Loaded TP MacNoEditorTargetPlatform
[2018.11.15-17.10.08:761][  0]LogTemp: Display: Loaded TP MacServerTargetPlatform
[2018.11.15-17.10.08:785][  0]LogTemp: Display: Loaded TP MacTargetPlatform
[2018.11.15-17.10.08:809][  0]LogTemp: Display: Loaded TP WindowsClientTargetPlatform
[2018.11.15-17.10.08:831][  0]LogTemp: Display: Loaded TP WindowsNoEditorTargetPlatform
[2018.11.15-17.10.08:854][  0]LogTemp: Display: Loaded TP WindowsServerTargetPlatform
[2018.11.15-17.10.08:865][  0]LogTemp: Display: Loaded TP WindowsTargetPlatform
[2018.11.15-17.10.09:010][  0]LogTemp: Display: Loaded TP AndroidTargetPlatform
[2018.11.15-17.10.09:010][  0]LogTemp: Display: Loaded TP AndroidTargetPlatform
[2018.11.15-17.10.09:010][  0]LogTemp: Display: Loaded TP AndroidTargetPlatform
[2018.11.15-17.10.09:010][  0]LogTemp: Display: Loaded TP AndroidTargetPlatform
[2018.11.15-17.10.09:010][  0]LogTemp: Display: Loaded TP AndroidTargetPlatform
[2018.11.15-17.10.09:010][  0]LogTemp: Display: Loaded TP AndroidTargetPlatform
[2018.11.15-17.10.09:010][  0]LogTemp: Display: Loaded TP AndroidTargetPlatform
[2018.11.15-17.10.09:010][  0]LogTemp: Display: Loaded TP AndroidTargetPlatform
[2018.11.15-17.10.09:010][  0]LogTemp: Display: Loaded TP AndroidTargetPlatform
[2018.11.15-17.10.09:010][  0]LogTemp: Display: Loaded TP AndroidTargetPlatform
[2018.11.15-17.10.09:010][  0]LogTemp: Display: Loaded TP AndroidTargetPlatform
[2018.11.15-17.10.09:010][  0]LogTemp: Display: Loaded TP AndroidTargetPlatform
[2018.11.15-17.10.09:010][  0]LogTemp: Display: Loaded TP AndroidTargetPlatform
[2018.11.15-17.10.09:010][  0]LogTemp: Display: Loaded TP AndroidTargetPlatform
[2018.11.15-17.10.09:010][  0]LogTemp: Display: Loaded TP AndroidTargetPlatform
[2018.11.15-17.10.09:011][  0]LogTemp: Display: Loaded TP AndroidTargetPlatform
[2018.11.15-17.10.09:011][  0]LogTemp: Display: Loaded TP AndroidTargetPlatform
[2018.11.15-17.10.09:011][  0]LogTemp: Display: Loaded TP AndroidTargetPlatform
[2018.11.15-17.10.09:013][  0]LogTemp: Display: Loaded TP HTML5TargetPlatform
[2018.11.15-17.10.09:090][  0]LogTemp: Display: Loaded TP IOSTargetPlatform
[2018.11.15-17.10.09:090][  0]LogTemp: Display: Loaded TP IOSTargetPlatform
[2018.11.15-17.10.09:129][  0]LogTemp: Display: Loaded TP TVOSTargetPlatform
[2018.11.15-17.10.09:129][  0]LogTemp: Display: Loaded TP TVOSTargetPlatform
[2018.11.15-17.10.09:150][  0]LogTemp: Display: Loaded TP LinuxClientTargetPlatform
[2018.11.15-17.10.09:170][  0]LogTemp: Display: Loaded TP LinuxNoEditorTargetPlatform
[2018.11.15-17.10.09:190][  0]LogTemp: Display: Loaded TP LinuxServerTargetPlatform
[2018.11.15-17.10.09:212][  0]LogTemp: Display: Loaded TP LinuxTargetPlatform
[2018.11.15-17.10.09:228][  0]LogTemp: Display: Loaded TP LuminTargetPlatform
[2018.11.15-17.10.09:228][  0]LogTargetPlatformManager: Display: Building Assets For Windows
[2018.11.15-17.10.09:301][  0]LogXGEController: Cleaning working directory: C:/Users/TemoZa/AppData/Local/Temp/UnrealXGEWorkingDir/
[2018.11.15-17.10.09:301][  0]LogXGEController: Cannot use XGE Controller as Incredibuild is not installed on this machine.
[2018.11.15-17.10.09:301][  0]LogShaderCompilers: Cannot use XGE Shader Compiler as Incredibuild is not installed on this machine.
[2018.11.15-17.10.09:301][  0]LogShaderCompilers: Display: Using Local Shader Compiler.
[2018.11.15-17.10.10:519][  0]LogDerivedDataCache: Display: Max Cache Size: 512 MB
[2018.11.15-17.10.10:615][  0]LogDerivedDataCache: Loaded boot cache 0.10s 71MB C:/Users/TemoZa/AppData/Local/UnrealEngine/4.20/DerivedDataCache/Boot.ddc.
[2018.11.15-17.10.10:616][  0]LogDerivedDataCache: Display: Loaded Boot cache: C:/Users/TemoZa/AppData/Local/UnrealEngine/4.20/DerivedDataCache/Boot.ddc
[2018.11.15-17.10.10:616][  0]LogDerivedDataCache: FDerivedDataBackendGraph:  Pak pak cache file C:/Users/TemoZa/Desktop/InfiniteMatrixStarter/DerivedDataCache/DDC.ddp not found, will not use a pak cache.
[2018.11.15-17.10.10:616][  0]LogDerivedDataCache: Unable to find inner node Pak for hierarchical cache Hierarchy.
[2018.11.15-17.10.10:616][  0]LogDerivedDataCache: FDerivedDataBackendGraph:  CompressedPak pak cache file C:/Users/TemoZa/Desktop/InfiniteMatrixStarter/DerivedDataCache/Compressed.ddp not found, will not use a pak cache.
[2018.11.15-17.10.10:616][  0]LogDerivedDataCache: Unable to find inner node CompressedPak for hierarchical cache Hierarchy.
[2018.11.15-17.10.10:638][  0]LogDerivedDataCache: Display: Pak cache opened for reading ../../../Engine/DerivedDataCache/Compressed.ddp.
[2018.11.15-17.10.10:651][  0]LogDerivedDataCache: Using Local data cache path C:/Users/TemoZa/AppData/Local/UnrealEngine/Common/DerivedDataCache: Writable
[2018.11.15-17.10.10:651][  0]LogDerivedDataCache: Shared data cache path not found in *engine.ini, will not use an Shared cache.
[2018.11.15-17.10.10:651][  0]LogDerivedDataCache: Unable to find inner node Shared for hierarchical cache Hierarchy.
[2018.11.15-17.10.10:679][  0]LogMaterial: Verifying Global Shaders for PCD3D_SM5
[2018.11.15-17.10.10:680][  0]LogSlate: Using FreeType 2.6.0
[2018.11.15-17.10.10:681][  0]LogSlate: SlateFontServices - WITH_FREETYPE: 1, WITH_HARFBUZZ: 1
[2018.11.15-17.10.10:802][  0]LogAssetRegistry: FAssetRegistry took 0.0282 seconds to start up
[2018.11.15-17.10.11:341][  0]LogInit: Selected Device Profile: [Windows]
[2018.11.15-17.10.11:513][  0]LogSimplygon: Simplygon DLL not present - disabling.
[2018.11.15-17.10.11:518][  0]LogMeshReduction: Using SimplygonSwarm for distributed automatic mesh merging
[2018.11.15-17.10.11:518][  0]LogMeshReduction: Using ProxyLODMeshReduction for automatic mesh merging
[2018.11.15-17.10.11:518][  0]LogMeshReduction: Using QuadricMeshReduction for automatic static mesh reduction
[2018.11.15-17.10.11:518][  0]LogMeshReduction: No automatic skeletal mesh reduction module available
[2018.11.15-17.10.11:547][  0]LogNetVersion: InfiniteMatrix 1.0.0, NetCL: 4212847, EngineNetVer: 5, GameNetVer: 0 (Checksum: 3003996242)
[2018.11.15-17.10.12:208][  0]LogPackageLocalizationCache: Processed 13 localized package path(s) for 2 prioritized culture(s) in 0.141600 seconds
[2018.11.15-17.10.12:216][  0]LogUObjectArray: 38425 objects as part of root set at end of initial load.
[2018.11.15-17.10.12:216][  0]LogUObjectAllocator: 6690872 out of 0 bytes used by permanent object pool.
[2018.11.15-17.10.12:216][  0]LogUObjectArray: CloseDisregardForGC: 0/0 objects in disregard for GC pool
[2018.11.15-17.10.13:582][  0]LogTcpMessaging: Initializing TcpMessaging bridge
[2018.11.15-17.10.13:597][  0]LogUdpMessaging: Initializing bridge on interface 0.0.0.0:0 to multicast group 230.0.0.1:6666.
[2018.11.15-17.10.13:780][  0]SourceControl: Source control is disabled
[2018.11.15-17.10.13:781][  0]SourceControl: Source control is disabled
[2018.11.15-17.10.13:783][  0]SourceControl: Source control is disabled
[2018.11.15-17.10.13:785][  0]SourceControl: Source control is disabled
[2018.11.15-17.10.13:999][  0]LogAndroidPermission: UAndroidPermissionCallbackProxy::GetInstance
[2018.11.15-17.10.14:146][  0]LogOcInput: OculusInput pre-init called
[2018.11.15-17.10.14:175][  0]LogSlateStyle: Warning: Unable to find Slate Widget Style 'Synth2DSliderStyle'. Using Synth2DSliderStyle defaults instead.
[2018.11.15-17.10.14:176][  0]LogSlateStyle: Warning: Unable to find Slate Widget Style 'SynthKnobStyle'. Using SynthKnobStyle defaults instead.
[2018.11.15-17.10.14:254][  0]LogEngine: Initializing Engine...
[2018.11.15-17.10.14:255][  0]LogHMD: Failed to initialize OpenVR with code 110
[2018.11.15-17.10.14:257][  0]LogStats: UGameplayTagsManager::ConstructGameplayTagTree: ImportINI prefixes -  0.000 s
[2018.11.15-17.10.14:257][  0]LogStats: UGameplayTagsManager::ConstructGameplayTagTree: Construct from data asset -  0.000 s
[2018.11.15-17.10.14:257][  0]LogStats: UGameplayTagsManager::ConstructGameplayTagTree: ImportINI -  0.000 s
[2018.11.15-17.10.14:257][  0]LogStats: UGameplayTagsManager::ConstructGameplayTagTree: GameplayTagTreeChangedEvent.Broadcast -  0.000 s
[2018.11.15-17.10.14:516][  0]LogInit: Initializing FReadOnlyCVARCache
[2018.11.15-17.10.14:533][  0]LogAIModule: Creating AISystem for world Untitled
[2018.11.15-17.10.14:576][  0]LogInit: XAudio2 using 'VoiceMeeter Input (VB-Audio VoiceMeeter VAIO)' : 2 channels at 44.1 kHz using 16 bits per sample (channel mask 0x3)
[2018.11.15-17.10.14:585][  0]LogInit: FAudioDevice initialized.
[2018.11.15-17.10.14:585][  0]LogNetVersion: Set ProjectVersion to 1.0.0.0. Version Checksum will be recalculated on next use.
[2018.11.15-17.10.14:721][  0]LogDerivedDataCache: Saved boot cache 0.14s 71MB C:/Users/TemoZa/AppData/Local/UnrealEngine/4.20/DerivedDataCache/Boot.ddc.
[2018.11.15-17.10.14:725][  0]LogInit: Texture streaming: Enabled
[2018.11.15-17.10.14:750][  0]LogEngineSessionManager: EngineSessionManager initialized
[2018.11.15-17.10.14:762][  0]LogInit: Transaction tracking system initialized
[2018.11.15-17.10.14:788][  0]BlueprintLog: New page: Editor Load
[2018.11.15-17.10.14:881][  0]LocalizationService: Localization service is disabled
[2018.11.15-17.10.15:282][  0]LogCook: Display: Max memory allowance for cook 16384mb min free memory 0mb
[2018.11.15-17.10.15:283][  0]LogCook: Display: Mobile HDR setting 1
[2018.11.15-17.10.15:283][  0]LogGameplayTags: Display: UGameplayTagsManager::DoneAddingNativeTags. DelegateIsBound: 0
[2018.11.15-17.10.15:283][  0]LogStats: UGameplayTagsManager::ConstructGameplayTagTree: ImportINI prefixes -  0.000 s
[2018.11.15-17.10.15:283][  0]LogStats: UGameplayTagsManager::ConstructGameplayTagTree: Construct from data asset -  0.000 s
[2018.11.15-17.10.15:283][  0]LogStats: UGameplayTagsManager::ConstructGameplayTagTree: ImportINI -  0.000 s
[2018.11.15-17.10.15:283][  0]LogStats: UGameplayTagsManager::ConstructGameplayTagTree: GameplayTagTreeChangedEvent.Broadcast -  0.000 s
[2018.11.15-17.10.15:366][  0]LogFileCache: Scanning file cache for directory 'C:/Users/TemoZa/Desktop/InfiniteMatrixStarter/Content/' took 0.01s
[2018.11.15-17.10.15:456][  0]SourceControl: Source control is disabled
[2018.11.15-17.10.15:456][  0]Cmd: MAP LOAD FILE="C:/Users/TemoZa/Desktop/InfiniteMatrixStarter/Content/InfiniteMatrix/Maps/TutorialMap.umap" TEMPLATE=0 SHOWPROGRESS=1 FEATURELEVEL=3
[2018.11.15-17.10.15:457][  0]LightingResults: New page: Lighting Build
[2018.11.15-17.10.15:460][  0]MapCheck: New page: Map Check
[2018.11.15-17.10.15:460][  0]LightingResults: New page: Lighting Build
[2018.11.15-17.10.15:832][  0]LogAIModule: Creating AISystem for world TutorialMap
[2018.11.15-17.10.15:837][  0]LogEditorServer: Finished looking for orphan Actors (0.000 secs)
[2018.11.15-17.10.15:923][  0]Cmd: MAP CHECKDEP NOCLEARLOG
[2018.11.15-17.10.16:031][  0]MapCheck: Map check complete: 0 Error(s), 0 Warning(s), took 108,22ms to complete.
[2018.11.15-17.10.16:032][  0]LogFileHelpers: Loading map 'TutorialMap' took 0.575
[2018.11.15-17.10.16:122][  0]LogWindowsTextInputMethodSystem: Display: IME system now deactivated.
[2018.11.15-17.10.16:122][  0]LogWindowsTextInputMethodSystem: Display: IME system now deactivated.
[2018.11.15-17.10.16:174][  0]LogSlate: Updating window title bar state: overlay mode, drag disabled, window buttons hidden, title bar hidden
[2018.11.15-17.10.16:185][  0]LogSlate: Updating window title bar state: overlay mode, drag disabled, window buttons hidden, title bar hidden
[2018.11.15-17.10.16:196][  0]LogSlate: Updating window title bar state: overlay mode, drag disabled, window buttons hidden, title bar hidden
[2018.11.15-17.10.16:207][  0]LogSlate: Updating window title bar state: overlay mode, drag disabled, window buttons hidden, title bar hidden
[2018.11.15-17.10.16:223][  0]LogCollectionManager: Loaded 0 collections in 0.001279 seconds
[2018.11.15-17.10.16:276][  0]LogFileCache: Scanning file cache for directory 'C:/Users/TemoZa/Desktop/InfiniteMatrixStarter/Saved/Collections/' took 0.01s
[2018.11.15-17.10.16:276][  0]LogFileCache: Scanning file cache for directory 'C:/Users/TemoZa/Desktop/InfiniteMatrixStarter/Content/Developers/TemoZa/Collections/' took 0.01s
[2018.11.15-17.10.16:276][  0]LogFileCache: Scanning file cache for directory 'C:/Users/TemoZa/Desktop/InfiniteMatrixStarter/Content/Collections/' took 0.01s
[2018.11.15-17.10.16:276][  0]LogCollectionManager: Rebuilt the GUID cache for 0 collections in 0.000000 seconds
[2018.11.15-17.10.16:293][  0]LogContentBrowser: Native class hierarchy populated in 0.0169 seconds. Added 2605 classes and 629 folders.
[2018.11.15-17.10.16:300][  0]LogContentBrowser: Native class hierarchy updated for 'WidgetCarousel' in 0.0003 seconds. Added 0 classes and 0 folders.
[2018.11.15-17.10.16:363][  0]LogContentBrowser: Native class hierarchy updated for 'AddContentDialog' in 0.0003 seconds. Added 0 classes and 0 folders.
[2018.11.15-17.10.16:383][  0]LogSlate: Took 0.000619 seconds to synchronously load lazily loaded font '../../../Engine/Content/Slate/Fonts/Roboto-Regular.ttf' (155K)
[2018.11.15-17.10.16:390][  0]LogSlate: Took 0.000455 seconds to synchronously load lazily loaded font '../../../Engine/Content/Slate/Fonts/Roboto-Bold.ttf' (160K)
[2018.11.15-17.10.16:393][  0]LogSlate: Took 0.000359 seconds to synchronously load lazily loaded font '../../../Engine/Content/Editor/Slate/Fonts/FontAwesome.ttf' (139K)
[2018.11.15-17.10.16:479][  0]LogRenderer: Reallocating scene render targets to support 1380x924 Format 10 NumSamples 1 (Frame:1).
[2018.11.15-17.10.16:676][  0]LogContentBrowser: Native class hierarchy updated for 'HierarchicalLODOutliner' in 0.0003 seconds. Added 0 classes and 0 folders.
[2018.11.15-17.10.16:676][  0]LogLoad: (Engine Initialization) Total time: 10.78 seconds
[2018.11.15-17.10.16:676][  0]LogLoad: (Engine Initialization) Total Blueprint compile time: 0.00 seconds
[2018.11.15-17.10.16:709][  0]LogContentStreaming: Texture pool size now 1000 MB
[2018.11.15-17.10.16:736][  0]LogSlate: Took 0.000407 seconds to synchronously load lazily loaded font '../../../Engine/Content/Slate/Fonts/Roboto-Light.ttf' (167K)
[2018.11.15-17.10.16:755][  1]LogAssetRegistry: Asset discovery search completed in 5.9746 seconds
[2018.11.15-17.10.16:757][  1]LogCollectionManager: Rebuilt the object cache for 0 collections in 0.000000 seconds (found 0 objects)
[2018.11.15-17.10.16:757][  1]LogCollectionManager: Fixed up redirectors for 0 collections in 0.000050 seconds (updated 0 objects)
[2018.11.15-17.10.17:721][110]LogSlate: Took 0.000316 seconds to synchronously load lazily loaded font '../../../Engine/Content/Slate/Fonts/Roboto-Light.ttf' (167K)
[2018.11.15-17.10.20:435][406]LogSlate: FSceneViewport::OnFocusLost() reason 0
[2018.11.15-17.10.44:448][514]LogSlate: Window 'Delete Assets' being destroyed
[2018.11.15-17.10.53:697][495]LogAssetTools: Warning: Failed to import 'C:\Users\TemoZa\Desktop\untitle1d.ogg'. Unknown extension 'ogg'.
[2018.11.15-17.11.48:405][ 69]LogAssetEditorManager: Opening Asset editor for Blueprint /Game/InfiniteMatrix/Blueprints/BP_Player.BP_Player
[2018.11.15-17.11.49:142][ 69]LogContentBrowser: Native class hierarchy updated for 'BlueprintGraph' in 0.0011 seconds. Added 116 classes and 0 folders.
[2018.11.15-17.11.50:332][ 69]LogAssetEditorManager: Opening Asset editor for Material /Game/InfiniteMatrix/Materials/M_TunnelBase.M_TunnelBase
[2018.11.15-17.11.50:350][ 69]LogMaterial: Display: Missing cached shader map for material M_TunnelBase, compiling. 
[2018.11.15-17.11.50:619][ 69]LogMaterial: Display: Missing cached shader map for material M_TunnelBase, compiling. 
[2018.11.15-17.11.50:674][ 69]LogMaterial: Display: Missing cached shader map for material M_TunnelBase, compiling. 
[2018.11.15-17.11.50:698][ 69]LogShaderCompilers: Display: Shaders left to compile 4
[2018.11.15-17.11.50:698][ 69]LogShaderCompilers: Display: Shaders left to compile 3
[2018.11.15-17.11.50:759][ 69]LogMaterial: Display: Missing cached shader map for material FMatExpressionPreview MaterialExpressionTextureSample_0, compiling. 
[2018.11.15-17.11.50:766][ 69]LogMaterial: Display: Missing cached shader map for material FMatExpressionPreview MaterialExpressionVectorParameter_0, compiling. 
[2018.11.15-17.11.50:800][ 69]LogMaterial: Display: Missing cached shader map for material FMatExpressionPreview MaterialExpressionVectorParameter_1, compiling. 
[2018.11.15-17.11.50:815][ 69]LogMaterial: Display: Missing cached shader map for material FMatExpressionPreview MaterialExpressionTextureSample_2, compiling. 
[2018.11.15-17.11.50:845][ 69]LogMaterial: Display: Missing cached shader map for material FMatExpressionPreview MaterialExpressionTextureSample_3, compiling. 
[2018.11.15-17.11.50:907][ 69]LogAssetEditorManager: Opening Asset editor for Blueprint /Game/InfiniteMatrix/Blueprints/BP_Tunnel.BP_Tunnel
[2018.11.15-17.11.51:438][ 69]LogShaderCompilers: Display: Shaders left to compile 12
[2018.11.15-17.11.51:438][ 69]LogShaderCompilers: Display: Shaders left to compile 11
[2018.11.15-17.11.51:545][ 69]LogSlate: Took 0.002597 seconds to synchronously load lazily loaded font '../../../Engine/Content/Slate/Fonts/Roboto-BoldCondensed.ttf' (158K)
[2018.11.15-17.11.51:830][ 70]LogShaderCompilers: Display: Shaders left to compile 10
[2018.11.15-17.11.51:848][ 70]LogShaderCompilers: Display: Shaders left to compile 9
[2018.11.15-17.11.51:848][ 70]LogSlate: Took 0.010623 seconds to synchronously load lazily loaded font '../../../Engine/Content/Slate/Fonts/Roboto-Italic.ttf' (157K)
[2018.11.15-17.11.51:934][ 72]MaterialEditorStats: Base pass shader without light map: 43 instructions
[2018.11.15-17.11.51:934][ 72]MaterialEditorStats: Base pass vertex shader: 36 instructions
[2018.11.15-17.11.51:934][ 72]MaterialEditorStats: Texture samplers: 2/16
[2018.11.15-17.11.51:934][ 72]MaterialEditorStats: Texture Lookups (Est.): VS(0), PS(3)
[2018.11.15-17.11.51:934][ 72]MaterialEditorStats: User interpolators: 2/4 Scalars (1/4 Vectors) (TexCoords: 2, Custom: 0)
[2018.11.15-17.11.52:292][ 98]LogShaderCompilers: Display: Shaders left to compile 8
[2018.11.15-17.11.52:327][100]LogShaderCompilers: Display: Shaders left to compile 7
[2018.11.15-17.11.52:805][133]LogShaderCompilers: Display: Shaders left to compile 6
[2018.11.15-17.11.52:896][140]LogShaderCompilers: Display: Shaders left to compile 5
[2018.11.15-17.11.53:301][169]LogShaderCompilers: Display: Shaders left to compile 4
[2018.11.15-17.11.53:301][169]LogShaderCompilers: Display: Shaders left to compile 3
[2018.11.15-17.11.53:742][198]LogShaderCompilers: Display: Shaders left to compile 2
[2018.11.15-17.11.53:849][205]LogShaderCompilers: Display: Shaders left to compile 1
[2018.11.15-17.11.54:583][274]LogSlate: Window 'BP_Tunnel' being destroyed
[2018.11.15-17.11.58:487][666]LogWindowsTextInputMethodSystem: Display: IME system now deactivated.
[2018.11.15-17.11.58:487][666]LogWindowsTextInputMethodSystem: Display: IME system now deactivated.
[2018.11.15-17.20.16:659][486]LogFileHelpers: Editor autosave (incl. sublevels) for '/Game/InfiniteMatrix/Maps/TutorialMap' took 0.075
[2018.11.15-17.20.16:687][486]OBJ SavePackage: Generating thumbnails for [0] asset(s) in package [/Game/InfiniteMatrix/Blueprints/BP_Player] ([1] browsable assets)...
[2018.11.15-17.20.16:687][486]OBJ SavePackage: Finished generating thumbnails for package [/Game/InfiniteMatrix/Blueprints/BP_Player]
[2018.11.15-17.20.16:824][486]LogSavePackage: Moving 'C:/Users/TemoZa/Desktop/InfiniteMatrixStarter/Saved/BP_Player_Auto15FC5B2D241EB2B5722CFA8A39728C419.tmp' to 'C:/Users/TemoZa/Desktop/InfiniteMatrixStarter/Saved/Autosaves/Game/InfiniteMatrix/Blueprints/BP_Player_Auto1.uasset'
[2018.11.15-17.20.16:844][486]LogFileHelpers: Auto-saving content packages took 0.184
[2018.11.15-17.20.48:160][ 73]LogWindowsTextInputMethodSystem: Display: IME system now deactivated.
[2018.11.15-17.20.48:160][ 73]LogWindowsTextInputMethodSystem: Display: IME system now deactivated.
