Log file open, 11/15/18 16:38:32
LogWindows: Failed to load 'aqProf.dll' (GetLastError=126)
LogWindows: File 'aqProf.dll' does not exist
LogWindows: Failed to load 'VSPerf140.dll' (GetLastError=126)
LogWindows: File 'VSPerf140.dll' does not exist
LogWindows: Failed to load 'VtuneApi.dll' (GetLastError=126)
LogWindows: File 'VtuneApi.dll' does not exist
LogWindows: Failed to load 'VtuneApi32e.dll' (GetLastError=126)
LogWindows: File 'VtuneApi32e.dll' does not exist
LogInit: Display: Running engine for game: InfiniteMatrix
LogPlatformFile: Not using cached read wrapper
LogTaskGraph: Started task graph with 5 named threads and 17 total threads with 3 sets of task threads.
LogStats: Stats thread started at 0.304228
LogD3D11RHI: Loaded GFSDK_Aftermath_Lib.x64.dll
LogICUInternationalization: Display: ICU TimeZone Detection - Raw Offset: +3:00, Platform Override: ''
LogPluginManager: Mounting plugin Paper2D
LogPluginManager: Mounting plugin AISupport
LogPluginManager: Mounting plugin LightPropagationVolume
LogPluginManager: Mounting plugin CLionSourceCodeAccess
LogPluginManager: Mounting plugin CodeLiteSourceCodeAccess
LogPluginManager: Mounting plugin GitSourceControl
LogPluginManager: Mounting plugin KDevelopSourceCodeAccess
LogPluginManager: Mounting plugin NullSourceCodeAccess
LogPluginManager: Mounting plugin PerforceSourceControl
LogPluginManager: Mounting plugin SubversionSourceControl
LogPluginManager: Mounting plugin UObjectPlugin
LogPluginManager: Mounting plugin VisualStudioCodeSourceCodeAccess
LogPluginManager: Mounting plugin VisualStudioSourceCodeAccess
LogPluginManager: Mounting plugin XCodeSourceCodeAccess
LogPluginManager: Mounting plugin AssetManagerEditor
LogPluginManager: Mounting plugin CryptoKeys
LogPluginManager: Mounting plugin DataValidation
LogPluginManager: Mounting plugin FacialAnimation
LogPluginManager: Mounting plugin GameplayTagsEditor
LogPluginManager: Mounting plugin MacGraphicsSwitching
LogPluginManager: Mounting plugin MeshEditor
LogPluginManager: Mounting plugin MobileLauncherProfileWizard
LogPluginManager: Mounting plugin PluginBrowser
LogPluginManager: Mounting plugin SpeedTreeImporter
LogPluginManager: Mounting plugin DatasmithContent
LogPluginManager: Mounting plugin AlembicImporter
LogPluginManager: Mounting plugin AppleImageUtils
LogPluginManager: Mounting plugin AppleVision
LogPluginManager: Mounting plugin BackChannel
LogPluginManager: Mounting plugin CharacterAI
LogPluginManager: Mounting plugin GeometryCache
LogPluginManager: Mounting plugin HTML5Networking
LogPluginManager: Mounting plugin ProxyLODPlugin
LogPluginManager: Mounting plugin MagicLeap
LogPluginManager: Mounting plugin MagicLeapEmulator
LogPluginManager: Mounting plugin MagicLeapMedia
LogPluginManager: Mounting plugin AndroidMedia
LogPluginManager: Mounting plugin AvfMedia
LogPluginManager: Mounting plugin ImgMedia
LogPluginManager: Mounting plugin LinearTimecode
LogPluginManager: Mounting plugin MediaCompositing
LogPluginManager: Mounting plugin MediaPlayerEditor
LogPluginManager: Mounting plugin WmfMedia
LogPluginManager: Mounting plugin TcpMessaging
LogPluginManager: Mounting plugin UdpMessaging
LogPluginManager: Mounting plugin ActorSequence
LogPluginManager: Mounting plugin LevelSequenceEditor
LogPluginManager: Mounting plugin MatineeToLevelSequence
LogPluginManager: Mounting plugin NetcodeUnitTest
LogPluginManager: Mounting plugin NUTUnrealEngine4
LogPluginManager: Mounting plugin OnlineSubsystemGooglePlay
LogPluginManager: Mounting plugin OnlineSubsystemIOS
LogPluginManager: Mounting plugin OnlineSubsystem
LogPluginManager: Mounting plugin OnlineSubsystemNull
LogPluginManager: Mounting plugin OnlineSubsystemUtils
LogPluginManager: Mounting plugin LauncherChunkInstaller
LogPluginManager: Mounting plugin AndroidDeviceProfileSelector
LogPluginManager: Mounting plugin AndroidMoviePlayer
LogPluginManager: Mounting plugin AndroidPermission
LogPluginManager: Mounting plugin AppleMoviePlayer
LogPluginManager: Mounting plugin ArchVisCharacter
LogPluginManager: Mounting plugin AudioCapture
LogPluginManager: Mounting plugin CableComponent
LogPluginManager: Mounting plugin CustomMeshComponent
LogPluginManager: Mounting plugin EditableMesh
LogPluginManager: Mounting plugin ExampleDeviceProfileSelector
LogPluginManager: Mounting plugin GoogleCloudMessaging
LogPluginManager: Mounting plugin ImmediatePhysics
LogPluginManager: Mounting plugin IOSDeviceProfileSelector
LogPluginManager: Mounting plugin LinuxDeviceProfileSelector
LogPluginManager: Mounting plugin LocationServicesBPLibrary
LogPluginManager: Mounting plugin MobilePatchingUtils
LogPluginManager: Mounting plugin OculusVR
LogPluginManager: Plugin shader directory ../../../Engine/Plugins/Runtime/Oculus/OculusVR/Shaders found
LogPluginManager: Mapping shader source directory ../../../Engine/Plugins/Runtime/Oculus/OculusVR/Shaders to virtual directory /Plugin/OculusVR
LogPluginManager: Mounting plugin PhysXVehicles
LogPluginManager: Mounting plugin ProceduralMeshComponent
LogPluginManager: Mounting plugin RuntimePhysXCooking
LogPluginManager: Mounting plugin SoundUtilities
LogPluginManager: Mounting plugin SoundVisualizations
LogPluginManager: Mounting plugin SteamVR
LogPluginManager: Mounting plugin Synthesis
LogPluginManager: Mounting plugin WindowsMoviePlayer
LogStreaming: Display: Took  0.244s to configure plugins.
LogInit: Using libcurl 7.55.1-DEV
LogInit:  - built for x86_64-pc-win32
LogInit:  - supports SSL with OpenSSL/1.0.2h
LogInit:  - supports HTTP deflate (compression) using libz 1.2.8
LogInit:  - other features:
LogInit:      CURL_VERSION_SSL
LogInit:      CURL_VERSION_LIBZ
LogInit:      CURL_VERSION_IPV6
LogInit:      CURL_VERSION_ASYNCHDNS
LogInit:      CURL_VERSION_LARGEFILE
LogInit:      CURL_VERSION_IDN
LogInit:  CurlRequestOptions (configurable via config and command line):
LogInit:  - bVerifyPeer = false  - Libcurl will NOT verify peer certificate
LogInit:  - bUseHttpProxy = false  - Libcurl will NOT use HTTP proxy
LogInit:  - bDontReuseConnections = false  - Libcurl will reuse connections
LogInit:  - CertBundlePath = nullptr  - Libcurl will use whatever was configured at build time.
LogInit:  - MaxHostConnections = 16  - Libcurl will limit the number of connections to a host
LogInit:  - LocalHostAddr = Default
LogInit:  - BufferSize = 65536
LogInit: WinSock: version 1.1 (2.2), MaxSocks=32767, MaxUdp=65467
LogInit: Build: ++UE4+Release-4.20-CL-4369336
LogInit: Engine Version: 4.20.3-4369336+++UE4+Release-4.20
LogInit: Compatible Engine Version: 4.20.0-4212847+++UE4+Release-4.20
LogInit: Net CL: 4212847
LogInit: OS: Windows 10 (), CPU: AMD FX(tm)-6300 Six-Core Processor             , GPU: 67EF:CF
LogInit: Compiled (64-bit): Sep 17 2018 12:26:19
LogInit: Compiled with Visual C++: 19.13.26129.00
LogInit: Build Configuration: Development
LogInit: Branch Name: ++UE4+Release-4.20
LogInit: Command Line:  
LogInit: Base Directory: A:/Unreal Engine/UE_4.20/Engine/Binaries/Win64/
LogInit: Installed Engine Build: 1
LogDevObjectVersion: Number of dev versions registered: 20
LogDevObjectVersion:   Dev-Blueprints (B0D832E4-1F89-4F0D-ACCF-7EB736FD4AA2): 10
LogDevObjectVersion:   Dev-Build (E1C64328-A22C-4D53-A36C-8E866417BD8C): 0
LogDevObjectVersion:   Dev-Core (375EC13C-06E4-48FB-B500-84F0262A717E): 2
LogDevObjectVersion:   Dev-Editor (E4B068ED-F494-42E9-A231-DA0B2E46BB41): 24
LogDevObjectVersion:   Dev-Framework (CFFC743F-43B0-4480-9391-14DF171D2073): 34
LogDevObjectVersion:   Dev-Mobile (B02B49B5-BB20-44E9-A304-32B752E40360): 2
LogDevObjectVersion:   Dev-Networking (A4E4105C-59A1-49B5-A7C5-40C4547EDFEE): 0
LogDevObjectVersion:   Dev-Online (39C831C9-5AE6-47DC-9A44-9C173E1C8E7C): 0
LogDevObjectVersion:   Dev-Physics (78F01B33-EBEA-4F98-B9B4-84EACCB95AA2): 0
LogDevObjectVersion:   Dev-Platform (6631380F-2D4D-43E0-8009-CF276956A95A): 0
LogDevObjectVersion:   Dev-Rendering (12F88B9F-8875-4AFC-A67C-D90C383ABD29): 26
LogDevObjectVersion:   Dev-Sequencer (7B5AE74C-D270-4C10-A958-57980B212A5A): 9
LogDevObjectVersion:   Dev-VR (D7296918-1DD6-4BDD-9DE2-64A83CC13884): 2
LogDevObjectVersion:   Dev-LoadTimes (C2A15278-BFE7-4AFE-6C17-90FF531DF755): 1
LogDevObjectVersion:   Private-Geometry (6EACA3D4-40EC-4CC1-B786-8BED09428FC5): 3
LogDevObjectVersion:   Dev-AnimPhys (29E575DD-E0A3-4627-9D10-D276232CDCEA): 17
LogDevObjectVersion:   Dev-ReflectionCapture (6B266CEC-1EC7-4B8F-A30B-E4D90942FC07): 1
LogDevObjectVersion:   Dev-Automation (0DF73D61-A23F-47EA-B727-89E90C41499A): 1
LogDevObjectVersion:   FortniteMain (601D1886-AC64-4F84-AA16-D3DE0DEAC7D6): 12
LogDevObjectVersion:   Dev-Enterprise (9DFFBCD6-494F-0158-E221-12823C92A888): 1
LogStreaming: Display: Took  0.001s to delete old logs.
LogInit: Presizing for max 8388607 objects, including 0 objects not considered by GC, pre-allocating 0 bytes for permanent pool.
LogInit: Object subsystem initialized
[2018.11.15-13.38.33:542][  0]LogInit: Selected Device Profile: [Windows]
[2018.11.15-13.38.33:543][  0]LogInit: Applying CVar settings loaded from the selected device profile: [Windows]
[2018.11.15-13.38.33:570][  0]LogHAL: Display: Platform has ~ 8 GB [8535724032 / 8589934592 / 8], which maps to Default [LargestMinGB=32, LargerMinGB=12, DefaultMinGB=8, SmallerMinGB=6, SmallestMinGB=0)
[2018.11.15-13.38.33:570][  0]LogInit: Setting Device Profile CVar: [[r.Vulkan.UseRealUBs:1]]
[2018.11.15-13.38.33:571][  0]LogInit: Going up to parent DeviceProfile []
[2018.11.15-13.38.33:572][  0]LogInit: Computer: COMPUTER
[2018.11.15-13.38.33:572][  0]LogInit: User: TemoZa
[2018.11.15-13.38.33:572][  0]LogInit: CPU Page size=4096, Cores=3
[2018.11.15-13.38.33:572][  0]LogInit: High frequency timer resolution =4.004000 MHz
[2018.11.15-13.38.33:573][  0]LogMemory: Memory total: Physical=7.9GB (8GB approx)
[2018.11.15-13.38.33:573][  0]LogMemory: Platform Memory Stats for Windows
[2018.11.15-13.38.33:573][  0]LogMemory: Process Physical Memory: 100.73 MB used, 100.73 MB peak
[2018.11.15-13.38.33:573][  0]LogMemory: Process Virtual Memory: 84.59 MB used, 84.59 MB peak
[2018.11.15-13.38.33:573][  0]LogMemory: Physical Memory: 6519.98 MB used,  1620.32 MB free, 8140.30 MB total
[2018.11.15-13.38.33:573][  0]LogMemory: Virtual Memory: 495.73 MB used,  1620.32 MB free, 134217728.00 MB total
[2018.11.15-13.38.33:701][  0]LogInit: Using OS detected language (ru-RU).
[2018.11.15-13.38.33:701][  0]LogInit: Using OS detected locale (ru-RU).
[2018.11.15-13.38.33:702][  0]LogTextLocalizationManager: No specific localization for 'ru-RU' exists, so the 'ru' localization will be used.
[2018.11.15-13.38.33:707][  0]LogStreaming: Display: Took  0.007s to InitEngineTextLocalization.
[2018.11.15-13.38.33:708][  0]LogInit: Setting process to per monitor DPI aware
[2018.11.15-13.38.33:763][  0]LogSlate: New Slate User Created.  User Index 0, Is Virtual User: 0
[2018.11.15-13.38.33:763][  0]LogSlate: Slate User Registered.  User Index 0, Is Virtual User: 0
[2018.11.15-13.38.34:488][  0]LogHMD: Failed to initialize OpenVR with code 110
[2018.11.15-13.38.34:488][  0]LogD3D11RHI: D3D11 adapters:
[2018.11.15-13.38.34:673][  0]LogD3D11RHI:    0. 'Radeon(TM) RX 460 Graphics' (Feature Level 11_0)
[2018.11.15-13.38.34:673][  0]LogD3D11RHI:       1993/0/4070 MB DedicatedVideo/DedicatedSystem/SharedSystem, Outputs:2, VendorId:0x1002
[2018.11.15-13.38.34:676][  0]LogD3D11RHI:    1. 'Microsoft Basic Render Driver' (Feature Level 11_0)
[2018.11.15-13.38.34:676][  0]LogD3D11RHI:       0/0/4070 MB DedicatedVideo/DedicatedSystem/SharedSystem, Outputs:0, VendorId:0x1414
[2018.11.15-13.38.34:676][  0]LogD3D11RHI: Chosen D3D11 Adapter: 0
[2018.11.15-13.38.34:682][  0]LogD3D11RHI: Creating new Direct3DDevice
[2018.11.15-13.38.34:682][  0]LogD3D11RHI:     GPU DeviceId: 0x67ef (for the marketing name, search the web for "GPU Device Id")
[2018.11.15-13.38.34:682][  0]LogWindows: EnumDisplayDevices:
[2018.11.15-13.38.34:682][  0]LogWindows:    0. '67EF:CF' (P:1 D:1)
[2018.11.15-13.38.34:682][  0]LogWindows:    1. '67EF:CF' (P:0 D:1)
[2018.11.15-13.38.34:682][  0]LogWindows:    2. '67EF:CF' (P:0 D:0)
[2018.11.15-13.38.34:683][  0]LogWindows:    3. '67EF:CF' (P:0 D:0)
[2018.11.15-13.38.34:683][  0]LogWindows:    4. '67EF:CF' (P:0 D:0)
[2018.11.15-13.38.34:684][  0]LogWindows: DebugString: FoundDriverCount:5 
[2018.11.15-13.38.34:684][  0]LogD3D11RHI:     Adapter Name: Radeon(TM) RX 460 Graphics
[2018.11.15-13.38.34:684][  0]LogD3D11RHI:   Driver Version: Adrenalin 18.11.1 (internal:25.20.14011.1003, unified:25.20.14011.1003)
[2018.11.15-13.38.34:684][  0]LogD3D11RHI:      Driver Date: 11-7-2018
[2018.11.15-13.38.34:684][  0]LogRHI: Texture pool is 1395 MB (70% of 1993 MB)
[2018.11.15-13.38.35:018][  0]LogD3D11RHI: Async texture creation enabled
[2018.11.15-13.38.35:033][  0]LogD3D11RHI: GPU Timing Frequency: 25.000000 (Debug: 2 1)
[2018.11.15-13.38.35:036][  0]LogShaderCompilers: Guid format shader working directory is 2 characters bigger than the processId version (C:/Users/TemoZa/Desktop/InfiniteMatrixStarter/Intermediate/Shaders/WorkingDirectory/2296/).
[2018.11.15-13.38.35:037][  0]LogShaderCompilers: Cleaned the shader compiler working directory 'C:/Users/TemoZa/AppData/Local/Temp/UnrealShaderWorkingDir/B87CA4094C4CAB9F6F33E6A8227CEEE4/'.
[2018.11.15-13.38.37:639][  0]LogTemp: Display: Loaded TP AllDesktopTargetPlatform
[2018.11.15-13.38.37:666][  0]LogTemp: Display: Loaded TP MacClientTargetPlatform
[2018.11.15-13.38.37:696][  0]LogTemp: Display: Loaded TP MacNoEditorTargetPlatform
[2018.11.15-13.38.37:721][  0]LogTemp: Display: Loaded TP MacServerTargetPlatform
[2018.11.15-13.38.37:747][  0]LogTemp: Display: Loaded TP MacTargetPlatform
[2018.11.15-13.38.37:773][  0]LogTemp: Display: Loaded TP WindowsClientTargetPlatform
[2018.11.15-13.38.37:798][  0]LogTemp: Display: Loaded TP WindowsNoEditorTargetPlatform
[2018.11.15-13.38.37:824][  0]LogTemp: Display: Loaded TP WindowsServerTargetPlatform
[2018.11.15-13.38.37:836][  0]LogTemp: Display: Loaded TP WindowsTargetPlatform
[2018.11.15-13.38.37:985][  0]LogTemp: Display: Loaded TP AndroidTargetPlatform
[2018.11.15-13.38.37:985][  0]LogTemp: Display: Loaded TP AndroidTargetPlatform
[2018.11.15-13.38.37:985][  0]LogTemp: Display: Loaded TP AndroidTargetPlatform
[2018.11.15-13.38.37:985][  0]LogTemp: Display: Loaded TP AndroidTargetPlatform
[2018.11.15-13.38.37:985][  0]LogTemp: Display: Loaded TP AndroidTargetPlatform
[2018.11.15-13.38.37:985][  0]LogTemp: Display: Loaded TP AndroidTargetPlatform
[2018.11.15-13.38.37:985][  0]LogTemp: Display: Loaded TP AndroidTargetPlatform
[2018.11.15-13.38.37:985][  0]LogTemp: Display: Loaded TP AndroidTargetPlatform
[2018.11.15-13.38.37:985][  0]LogTemp: Display: Loaded TP AndroidTargetPlatform
[2018.11.15-13.38.37:985][  0]LogTemp: Display: Loaded TP AndroidTargetPlatform
[2018.11.15-13.38.37:985][  0]LogTemp: Display: Loaded TP AndroidTargetPlatform
[2018.11.15-13.38.37:985][  0]LogTemp: Display: Loaded TP AndroidTargetPlatform
[2018.11.15-13.38.37:985][  0]LogTemp: Display: Loaded TP AndroidTargetPlatform
[2018.11.15-13.38.37:985][  0]LogTemp: Display: Loaded TP AndroidTargetPlatform
[2018.11.15-13.38.37:985][  0]LogTemp: Display: Loaded TP AndroidTargetPlatform
[2018.11.15-13.38.37:985][  0]LogTemp: Display: Loaded TP AndroidTargetPlatform
[2018.11.15-13.38.37:985][  0]LogTemp: Display: Loaded TP AndroidTargetPlatform
[2018.11.15-13.38.37:985][  0]LogTemp: Display: Loaded TP AndroidTargetPlatform
[2018.11.15-13.38.37:989][  0]LogTemp: Display: Loaded TP HTML5TargetPlatform
[2018.11.15-13.38.38:071][  0]LogTemp: Display: Loaded TP IOSTargetPlatform
[2018.11.15-13.38.38:071][  0]LogTemp: Display: Loaded TP IOSTargetPlatform
[2018.11.15-13.38.38:113][  0]LogTemp: Display: Loaded TP TVOSTargetPlatform
[2018.11.15-13.38.38:113][  0]LogTemp: Display: Loaded TP TVOSTargetPlatform
[2018.11.15-13.38.38:136][  0]LogTemp: Display: Loaded TP LinuxClientTargetPlatform
[2018.11.15-13.38.38:167][  0]LogTemp: Display: Loaded TP LinuxNoEditorTargetPlatform
[2018.11.15-13.38.38:188][  0]LogTemp: Display: Loaded TP LinuxServerTargetPlatform
[2018.11.15-13.38.38:213][  0]LogTemp: Display: Loaded TP LinuxTargetPlatform
[2018.11.15-13.38.38:229][  0]LogTemp: Display: Loaded TP LuminTargetPlatform
[2018.11.15-13.38.38:229][  0]LogTargetPlatformManager: Display: Building Assets For Windows
[2018.11.15-13.38.38:339][  0]LogXGEController: Cannot use XGE Controller as Incredibuild is not installed on this machine.
[2018.11.15-13.38.38:339][  0]LogShaderCompilers: Cannot use XGE Shader Compiler as Incredibuild is not installed on this machine.
[2018.11.15-13.38.38:340][  0]LogShaderCompilers: Display: Using Local Shader Compiler.
[2018.11.15-13.38.39:819][  0]LogDerivedDataCache: Display: Max Cache Size: 512 MB
[2018.11.15-13.38.40:282][  0]LogDerivedDataCache: Loaded boot cache 0.45s 71MB C:/Users/TemoZa/AppData/Local/UnrealEngine/4.20/DerivedDataCache/Boot.ddc.
[2018.11.15-13.38.40:282][  0]LogDerivedDataCache: Display: Loaded Boot cache: C:/Users/TemoZa/AppData/Local/UnrealEngine/4.20/DerivedDataCache/Boot.ddc
[2018.11.15-13.38.40:282][  0]LogDerivedDataCache: FDerivedDataBackendGraph:  Pak pak cache file C:/Users/TemoZa/Desktop/InfiniteMatrixStarter/DerivedDataCache/DDC.ddp not found, will not use a pak cache.
[2018.11.15-13.38.40:282][  0]LogDerivedDataCache: Unable to find inner node Pak for hierarchical cache Hierarchy.
[2018.11.15-13.38.40:282][  0]LogDerivedDataCache: FDerivedDataBackendGraph:  CompressedPak pak cache file C:/Users/TemoZa/Desktop/InfiniteMatrixStarter/DerivedDataCache/Compressed.ddp not found, will not use a pak cache.
[2018.11.15-13.38.40:282][  0]LogDerivedDataCache: Unable to find inner node CompressedPak for hierarchical cache Hierarchy.
[2018.11.15-13.38.40:307][  0]LogDerivedDataCache: Display: Pak cache opened for reading ../../../Engine/DerivedDataCache/Compressed.ddp.
[2018.11.15-13.38.40:320][  0]LogDerivedDataCache: Using Local data cache path C:/Users/TemoZa/AppData/Local/UnrealEngine/Common/DerivedDataCache: Writable
[2018.11.15-13.38.40:320][  0]LogDerivedDataCache: Shared data cache path not found in *engine.ini, will not use an Shared cache.
[2018.11.15-13.38.40:320][  0]LogDerivedDataCache: Unable to find inner node Shared for hierarchical cache Hierarchy.
[2018.11.15-13.38.40:350][  0]LogMaterial: Verifying Global Shaders for PCD3D_SM5
[2018.11.15-13.38.40:352][  0]LogSlate: Using FreeType 2.6.0
[2018.11.15-13.38.40:354][  0]LogSlate: SlateFontServices - WITH_FREETYPE: 1, WITH_HARFBUZZ: 1
[2018.11.15-13.38.40:572][  0]LogAssetRegistry: FAssetRegistry took 0.0286 seconds to start up
[2018.11.15-13.38.41:189][  0]LogInit: Selected Device Profile: [Windows]
[2018.11.15-13.38.41:393][  0]LogSimplygon: Simplygon DLL not present - disabling.
[2018.11.15-13.38.41:400][  0]LogMeshReduction: Using SimplygonSwarm for distributed automatic mesh merging
[2018.11.15-13.38.41:400][  0]LogMeshReduction: Using ProxyLODMeshReduction for automatic mesh merging
[2018.11.15-13.38.41:400][  0]LogMeshReduction: Using QuadricMeshReduction for automatic static mesh reduction
[2018.11.15-13.38.41:400][  0]LogMeshReduction: No automatic skeletal mesh reduction module available
[2018.11.15-13.38.41:454][  0]LogNetVersion: InfiniteMatrix 1.0.0, NetCL: 4212847, EngineNetVer: 5, GameNetVer: 0 (Checksum: 3003996242)
[2018.11.15-13.38.42:318][  0]LogPackageLocalizationCache: Processed 13 localized package path(s) for 2 prioritized culture(s) in 0.208814 seconds
[2018.11.15-13.38.42:326][  0]LogUObjectArray: 38425 objects as part of root set at end of initial load.
[2018.11.15-13.38.42:326][  0]LogUObjectAllocator: 6690864 out of 0 bytes used by permanent object pool.
[2018.11.15-13.38.42:326][  0]LogUObjectArray: CloseDisregardForGC: 0/0 objects in disregard for GC pool
[2018.11.15-13.38.45:003][  0]LogTcpMessaging: Initializing TcpMessaging bridge
[2018.11.15-13.38.45:019][  0]LogUdpMessaging: Initializing bridge on interface 0.0.0.0:0 to multicast group 230.0.0.1:6666.
[2018.11.15-13.38.45:260][  0]SourceControl: Source control is disabled
[2018.11.15-13.38.45:260][  0]SourceControl: Source control is disabled
[2018.11.15-13.38.45:265][  0]SourceControl: Source control is disabled
[2018.11.15-13.38.45:268][  0]SourceControl: Source control is disabled
[2018.11.15-13.38.45:558][  0]LogAndroidPermission: UAndroidPermissionCallbackProxy::GetInstance
[2018.11.15-13.38.45:712][  0]LogOcInput: OculusInput pre-init called
[2018.11.15-13.38.45:767][  0]LogSlateStyle: Warning: Unable to find Slate Widget Style 'Synth2DSliderStyle'. Using Synth2DSliderStyle defaults instead.
[2018.11.15-13.38.45:768][  0]LogSlateStyle: Warning: Unable to find Slate Widget Style 'SynthKnobStyle'. Using SynthKnobStyle defaults instead.
[2018.11.15-13.38.45:860][  0]LogEngine: Initializing Engine...
[2018.11.15-13.38.45:862][  0]LogHMD: Failed to initialize OpenVR with code 110
[2018.11.15-13.38.45:865][  0]LogStats: UGameplayTagsManager::ConstructGameplayTagTree: ImportINI prefixes -  0.000 s
[2018.11.15-13.38.45:865][  0]LogStats: UGameplayTagsManager::ConstructGameplayTagTree: Construct from data asset -  0.000 s
[2018.11.15-13.38.45:865][  0]LogStats: UGameplayTagsManager::ConstructGameplayTagTree: ImportINI -  0.000 s
[2018.11.15-13.38.45:865][  0]LogStats: UGameplayTagsManager::ConstructGameplayTagTree: GameplayTagTreeChangedEvent.Broadcast -  0.000 s
[2018.11.15-13.38.46:128][  0]LogInit: Initializing FReadOnlyCVARCache
[2018.11.15-13.38.46:149][  0]LogAIModule: Creating AISystem for world Untitled
[2018.11.15-13.38.46:201][  0]LogInit: XAudio2 using 'VoiceMeeter Input (VB-Audio VoiceMeeter VAIO)' : 2 channels at 44.1 kHz using 16 bits per sample (channel mask 0x3)
[2018.11.15-13.38.46:211][  0]LogInit: FAudioDevice initialized.
[2018.11.15-13.38.46:211][  0]LogNetVersion: Set ProjectVersion to 1.0.0.0. Version Checksum will be recalculated on next use.
[2018.11.15-13.38.46:442][  0]LogDerivedDataCache: Saved boot cache 0.23s 71MB C:/Users/TemoZa/AppData/Local/UnrealEngine/4.20/DerivedDataCache/Boot.ddc.
[2018.11.15-13.38.46:453][  0]LogInit: Texture streaming: Enabled
[2018.11.15-13.38.46:487][  0]LogEngineSessionManager: EngineSessionManager initialized
[2018.11.15-13.38.46:502][  0]LogInit: Transaction tracking system initialized
[2018.11.15-13.38.46:539][  0]BlueprintLog: New page: Editor Load
[2018.11.15-13.38.46:662][  0]LocalizationService: Localization service is disabled
[2018.11.15-13.38.47:035][  0]LogCook: Display: Max memory allowance for cook 16384mb min free memory 0mb
[2018.11.15-13.38.47:035][  0]LogCook: Display: Mobile HDR setting 1
[2018.11.15-13.38.47:035][  0]LogGameplayTags: Display: UGameplayTagsManager::DoneAddingNativeTags. DelegateIsBound: 0
[2018.11.15-13.38.47:035][  0]LogStats: UGameplayTagsManager::ConstructGameplayTagTree: ImportINI prefixes -  0.000 s
[2018.11.15-13.38.47:035][  0]LogStats: UGameplayTagsManager::ConstructGameplayTagTree: Construct from data asset -  0.000 s
[2018.11.15-13.38.47:035][  0]LogStats: UGameplayTagsManager::ConstructGameplayTagTree: ImportINI -  0.000 s
[2018.11.15-13.38.47:035][  0]LogStats: UGameplayTagsManager::ConstructGameplayTagTree: GameplayTagTreeChangedEvent.Broadcast -  0.000 s
[2018.11.15-13.38.47:298][  0]LogFileCache: Scanning file cache for directory 'C:/Users/TemoZa/Desktop/InfiniteMatrixStarter/Content/' took 0.03s
[2018.11.15-13.38.47:298][  0]SourceControl: Source control is disabled
[2018.11.15-13.38.47:298][  0]Cmd: MAP LOAD FILE="C:/Users/TemoZa/Desktop/InfiniteMatrixStarter/Content/InfiniteMatrix/Maps/TutorialMap.umap" TEMPLATE=0 SHOWPROGRESS=1 FEATURELEVEL=3
[2018.11.15-13.38.47:299][  0]LightingResults: New page: Lighting Build
[2018.11.15-13.38.47:302][  0]MapCheck: New page: Map Check
[2018.11.15-13.38.47:302][  0]LightingResults: New page: Lighting Build
[2018.11.15-13.38.47:901][  0]LogAIModule: Creating AISystem for world TutorialMap
[2018.11.15-13.38.47:906][  0]LogEditorServer: Finished looking for orphan Actors (0.000 secs)
[2018.11.15-13.38.47:989][  0]Cmd: MAP CHECKDEP NOCLEARLOG
[2018.11.15-13.38.48:089][  0]MapCheck: Map check complete: 0 Error(s), 0 Warning(s), took 99,26ms to complete.
[2018.11.15-13.38.48:089][  0]LogFileHelpers: Loading map 'TutorialMap' took 0.791
[2018.11.15-13.38.48:181][  0]LogWindowsTextInputMethodSystem: Display: IME system now deactivated.
[2018.11.15-13.38.48:182][  0]LogWindowsTextInputMethodSystem: Display: IME system now deactivated.
[2018.11.15-13.38.48:238][  0]LogSlate: Updating window title bar state: overlay mode, drag disabled, window buttons hidden, title bar hidden
[2018.11.15-13.38.48:249][  0]LogSlate: Updating window title bar state: overlay mode, drag disabled, window buttons hidden, title bar hidden
[2018.11.15-13.38.48:259][  0]LogSlate: Updating window title bar state: overlay mode, drag disabled, window buttons hidden, title bar hidden
[2018.11.15-13.38.48:270][  0]LogSlate: Updating window title bar state: overlay mode, drag disabled, window buttons hidden, title bar hidden
[2018.11.15-13.38.48:289][  0]LogCollectionManager: Loaded 0 collections in 0.001417 seconds
[2018.11.15-13.38.48:341][  0]LogFileCache: Scanning file cache for directory 'C:/Users/TemoZa/Desktop/InfiniteMatrixStarter/Saved/Collections/' took 0.01s
[2018.11.15-13.38.48:341][  0]LogFileCache: Scanning file cache for directory 'C:/Users/TemoZa/Desktop/InfiniteMatrixStarter/Content/Developers/TemoZa/Collections/' took 0.01s
[2018.11.15-13.38.48:342][  0]LogFileCache: Scanning file cache for directory 'C:/Users/TemoZa/Desktop/InfiniteMatrixStarter/Content/Collections/' took 0.01s
[2018.11.15-13.38.48:342][  0]LogCollectionManager: Rebuilt the GUID cache for 0 collections in 0.000000 seconds
[2018.11.15-13.38.48:358][  0]LogContentBrowser: Native class hierarchy populated in 0.0161 seconds. Added 2601 classes and 623 folders.
[2018.11.15-13.38.48:367][  0]LogContentBrowser: Native class hierarchy updated for 'WidgetCarousel' in 0.0003 seconds. Added 0 classes and 0 folders.
[2018.11.15-13.38.48:540][  0]LogContentBrowser: Native class hierarchy updated for 'AddContentDialog' in 0.0003 seconds. Added 0 classes and 0 folders.
[2018.11.15-13.38.48:575][  0]LogDirectoryWatcher: Warning: Failed to begin reading directory changes for C:/Users/TemoZa/Desktop/InfiniteMatrixStarter/Plugins/. Error: Не удается найти указанный файл. (0x00000002)
[2018.11.15-13.38.48:583][  0]LogSlate: Took 0.002376 seconds to synchronously load lazily loaded font '../../../Engine/Content/Slate/Fonts/Roboto-Regular.ttf' (155K)
[2018.11.15-13.38.48:591][  0]LogSlate: Took 0.002062 seconds to synchronously load lazily loaded font '../../../Engine/Content/Slate/Fonts/Roboto-Bold.ttf' (160K)
[2018.11.15-13.38.48:596][  0]LogSlate: Took 0.001615 seconds to synchronously load lazily loaded font '../../../Engine/Content/Editor/Slate/Fonts/FontAwesome.ttf' (139K)
[2018.11.15-13.38.48:682][  0]LogRenderer: Reallocating scene render targets to support 1380x924 Format 10 NumSamples 1 (Frame:1).
[2018.11.15-13.38.48:898][  0]LogContentBrowser: Native class hierarchy updated for 'HierarchicalLODOutliner' in 0.0004 seconds. Added 0 classes and 0 folders.
[2018.11.15-13.38.48:898][  0]LogLoad: (Engine Initialization) Total time: 18.78 seconds
[2018.11.15-13.38.48:898][  0]LogLoad: (Engine Initialization) Total Blueprint compile time: 0.00 seconds
[2018.11.15-13.38.48:931][  0]LogContentStreaming: Texture pool size now 1000 MB
[2018.11.15-13.38.48:972][  0]LogSlate: Took 0.001817 seconds to synchronously load lazily loaded font '../../../Engine/Content/Slate/Fonts/Roboto-Light.ttf' (167K)
[2018.11.15-13.38.49:023][  1]LogAssetRegistry: Asset discovery search completed in 8.4725 seconds
[2018.11.15-13.38.49:025][  1]LogCollectionManager: Rebuilt the object cache for 0 collections in 0.000000 seconds (found 0 objects)
[2018.11.15-13.38.49:025][  1]LogCollectionManager: Fixed up redirectors for 0 collections in 0.000052 seconds (updated 0 objects)
[2018.11.15-13.38.49:943][ 89]LogSlate: Took 0.000329 seconds to synchronously load lazily loaded font '../../../Engine/Content/Slate/Fonts/Roboto-Light.ttf' (167K)
[2018.11.15-13.38.51:487][234]LogSlate: FSceneViewport::OnFocusLost() reason 0
[2018.11.15-13.39.08:009][905]LogAssetEditorManager: Opening Asset editor for Blueprint /Game/InfiniteMatrix/Blueprints/BP_Player.BP_Player
[2018.11.15-13.39.08:674][905]LogContentBrowser: Native class hierarchy updated for 'BlueprintGraph' in 0.0010 seconds. Added 116 classes and 0 folders.
[2018.11.15-13.39.09:842][905]LogAssetEditorManager: Opening Asset editor for StaticMesh /Game/InfiniteMatrix/Meshes/SM_Tunnel.SM_Tunnel
[2018.11.15-13.39.10:282][905]LogAssetEditorManager: Opening Asset editor for Material /Game/InfiniteMatrix/Materials/M_TunnelBase.M_TunnelBase
[2018.11.15-13.39.10:301][905]LogMaterial: Display: Missing cached shader map for material M_TunnelBase, compiling. 
[2018.11.15-13.39.10:454][905]LogMaterial: Display: Missing cached shader map for material M_TunnelBase, compiling. 
[2018.11.15-13.39.10:462][905]LogMaterial: Display: Missing cached shader map for material M_TunnelBase, compiling. 
[2018.11.15-13.39.10:472][905]LogShaderCompilers: Display: Shaders left to compile 4
[2018.11.15-13.39.10:473][905]LogShaderCompilers: Display: Shaders left to compile 3
[2018.11.15-13.39.10:529][905]LogMaterial: Display: Missing cached shader map for material FMatExpressionPreview MaterialExpressionTextureSample_0, compiling. 
[2018.11.15-13.39.10:536][905]LogMaterial: Display: Missing cached shader map for material FMatExpressionPreview MaterialExpressionVectorParameter_0, compiling. 
[2018.11.15-13.39.10:543][905]LogMaterial: Display: Missing cached shader map for material FMatExpressionPreview MaterialExpressionVectorParameter_1, compiling. 
[2018.11.15-13.39.10:589][905]LogMaterial: Display: Missing cached shader map for material FMatExpressionPreview MaterialExpressionTextureSample_2, compiling. 
[2018.11.15-13.39.10:603][905]LogMaterial: Display: Missing cached shader map for material FMatExpressionPreview MaterialExpressionTextureSample_3, compiling. 
[2018.11.15-13.39.10:666][905]LogAssetEditorManager: Opening Asset editor for SoundCue /Game/InfiniteMatrix/Music/GameMusic.GameMusic
[2018.11.15-13.39.10:790][905]LogAssetEditorManager: Opening Asset editor for StaticMesh /Game/InfiniteMatrix/Meshes/SM_Hole_01.SM_Hole_01
[2018.11.15-13.39.11:084][905]LogShaderCompilers: Display: Shaders left to compile 12
[2018.11.15-13.39.11:141][905]LogAssetEditorManager: Opening Asset editor for MaterialInstanceConstant /Game/InfiniteMatrix/Materials/MI_Tunnel.MI_Tunnel
[2018.11.15-13.39.11:150][905]LogShaderCompilers: Display: Shaders left to compile 11
[2018.11.15-13.39.11:310][905]LogAssetEditorManager: Opening Asset editor for Blueprint /Game/InfiniteMatrix/Blueprints/BP_Tunnel.BP_Tunnel
[2018.11.15-13.39.11:801][905]LogShaderCompilers: Display: Shaders left to compile 10
[2018.11.15-13.39.11:801][905]LogShaderCompilers: Display: Shaders left to compile 9
[2018.11.15-13.39.11:801][905]LogShaderCompilers: Display: Shaders left to compile 8
[2018.11.15-13.39.11:860][905]LogShaderCompilers: Display: Shaders left to compile 7
[2018.11.15-13.39.11:918][905]LogAssetEditorManager: Opening Asset editor for Blueprint /Game/InfiniteMatrix/Blueprints/BP_TunnelSpawner.BP_TunnelSpawner
[2018.11.15-13.39.12:384][905]LogShaderCompilers: Display: Shaders left to compile 6
[2018.11.15-13.39.12:384][905]LogShaderCompilers: Display: Shaders left to compile 5
[2018.11.15-13.39.12:453][905]LogShaderCompilers: Display: Shaders left to compile 4
[2018.11.15-13.39.12:509][905]MaterialEditorStats: Base pass shader without light map: 43 instructions
[2018.11.15-13.39.12:509][905]MaterialEditorStats: Base pass vertex shader: 36 instructions
[2018.11.15-13.39.12:509][905]MaterialEditorStats: Texture samplers: 2/16
[2018.11.15-13.39.12:509][905]MaterialEditorStats: Texture Lookups (Est.): VS(0), PS(3)
[2018.11.15-13.39.12:509][905]MaterialEditorStats: User interpolators: 2/4 Scalars (1/4 Vectors) (TexCoords: 2, Custom: 0)
[2018.11.15-13.39.12:516][905]LogSlate: Took 0.002681 seconds to synchronously load lazily loaded font '../../../Engine/Content/Slate/Fonts/Roboto-BoldCondensed.ttf' (158K)
[2018.11.15-13.39.12:670][906]LogShaderCompilers: Display: Shaders left to compile 3
[2018.11.15-13.39.12:679][906]LogSlate: Took 0.002326 seconds to synchronously load lazily loaded font '../../../Engine/Content/Slate/Fonts/Roboto-Italic.ttf' (157K)
[2018.11.15-13.39.12:874][914]LogShaderCompilers: Display: Shaders left to compile 2
[2018.11.15-13.39.12:926][917]LogShaderCompilers: Display: Shaders left to compile 1
[2018.11.15-13.39.19:205][262]Cmd: CLOSE_SLATE_MAINFRAME
[2018.11.15-13.39.19:776][262]LogSlate: Window 'BP_Tunnel' being destroyed
[2018.11.15-13.39.19:782][262]LogActorComponent: UnregisterComponent: (/Engine/Transient.EditorFloorComp) Not registered. Aborting.
[2018.11.15-13.39.19:851][262]LogActorComponent: UnregisterComponent: (/Engine/Transient.EditorFloorComp) Not registered. Aborting.
[2018.11.15-13.39.19:921][262]LogSlate: Window 'Plugins' being destroyed
[2018.11.15-13.39.19:926][262]LogDirectoryWatcher: A directory notification for '../../../Engine/Plugins/' was aborted.
[2018.11.15-13.39.19:927][262]LogSlate: Window 'InfiniteMatrix - Unreal Editor' being destroyed
[2018.11.15-13.39.19:927][262]LogWindowsTextInputMethodSystem: Display: IME system now deactivated.
[2018.11.15-13.39.19:927][262]LogWindowsTextInputMethodSystem: Display: IME system now deactivated.
[2018.11.15-13.39.20:128][263]Cmd: QUIT_EDITOR
[2018.11.15-13.39.20:200][263]LogExit: Preparing to exit.
[2018.11.15-13.39.21:150][263]LogExit: Editor shut down
[2018.11.15-13.39.21:150][263]LogExit: Transaction tracking system shut down
[2018.11.15-13.39.21:729][263]LogExit: Object subsystem successfully closed.
[2018.11.15-13.39.21:748][263]LogShaderCompilers: Display: Shaders left to compile 0
[2018.11.15-13.39.21:750][263]LogD3D11RHI: Shutdown
[2018.11.15-13.39.21:751][263]LogD3D11RHI: CleanupD3DDevice
[2018.11.15-13.39.21:754][263]LogD3D11RHI: ~FD3D11DynamicRHI
[2018.11.15-13.39.21:789][263]LogModuleManager: Shutting down and abandoning module StaticMeshEditor (624)
[2018.11.15-13.39.21:789][263]LogModuleManager: Shutting down and abandoning module BlueprintGraph (622)
[2018.11.15-13.39.21:789][263]LogModuleManager: Shutting down and abandoning module HierarchicalLODOutliner (620)
[2018.11.15-13.39.21:789][263]LogModuleManager: Shutting down and abandoning module AddContentDialog (618)
[2018.11.15-13.39.21:790][263]LogModuleManager: Shutting down and abandoning module WidgetCarousel (617)
[2018.11.15-13.39.21:790][263]LogModuleManager: Shutting down and abandoning module EditorWidgets (614)
[2018.11.15-13.39.21:790][263]LogModuleManager: Shutting down and abandoning module CollectionManager (612)
[2018.11.15-13.39.21:790][263]LogModuleManager: Shutting down and abandoning module SceneOutliner (610)
[2018.11.15-13.39.21:791][263]LogModuleManager: Shutting down and abandoning module StatsViewer (608)
[2018.11.15-13.39.21:791][263]LogModuleManager: Shutting down and abandoning module FoliageEdit (606)
[2018.11.15-13.39.21:791][263]LogModuleManager: Shutting down and abandoning module LandscapeEditor (604)
[2018.11.15-13.39.21:791][263]LogModuleManager: Shutting down and abandoning module MeshPaintMode (602)
[2018.11.15-13.39.21:791][263]LogModuleManager: Shutting down and abandoning module SceneDepthPickerMode (600)
[2018.11.15-13.39.21:791][263]LogModuleManager: Shutting down and abandoning module ActorPickerMode (598)
[2018.11.15-13.39.21:791][263]LogModuleManager: Shutting down and abandoning module GeometryMode (596)
[2018.11.15-13.39.21:791][263]LogModuleManager: Shutting down and abandoning module TextureAlignMode (594)
[2018.11.15-13.39.21:791][263]LogModuleManager: Shutting down and abandoning module BspMode (592)
[2018.11.15-13.39.21:791][263]LogModuleManager: Shutting down and abandoning module PIEPreviewDeviceProfileSelector (590)
[2018.11.15-13.39.21:791][263]LogModuleManager: Shutting down and abandoning module SequenceRecorderSections (588)
[2018.11.15-13.39.21:791][263]LogModuleManager: Shutting down and abandoning module AutomationWorker (586)
[2018.11.15-13.39.21:791][263]LogModuleManager: Shutting down and abandoning module AudioCaptureEditor (584)
[2018.11.15-13.39.21:791][263]LogModuleManager: Shutting down and abandoning module SequenceRecorder (583)
[2018.11.15-13.39.21:791][263]LogModuleManager: Shutting down and abandoning module MatineeToLevelSequence (580)
[2018.11.15-13.39.21:791][263]LogModuleManager: Shutting down and abandoning module LevelSequenceEditor (578)
[2018.11.15-13.39.21:791][263]LogModuleManager: Shutting down and abandoning module PlacementMode (577)
[2018.11.15-13.39.21:791][263]LogModuleManager: Shutting down and abandoning module MaterialEditor (576)
[2018.11.15-13.39.21:791][263]LogModuleManager: Shutting down and abandoning module WmfMediaFactory (572)
[2018.11.15-13.39.21:791][263]LogModuleManager: Shutting down and abandoning module WmfMediaEditor (570)
[2018.11.15-13.39.21:791][263]LogModuleManager: Shutting down and abandoning module MediaPlayerEditor (568)
[2018.11.15-13.39.21:791][263]LogModuleManager: Shutting down and abandoning module OpenExrWrapper (566)
[2018.11.15-13.39.21:791][263]LogModuleManager: Shutting down and abandoning module ImgMediaFactory (564)
[2018.11.15-13.39.21:791][263]LogModuleManager: Shutting down and abandoning module ImgMediaEditor (562)
[2018.11.15-13.39.21:792][263]LogModuleManager: Shutting down and abandoning module AvfMediaFactory (560)
[2018.11.15-13.39.21:792][263]LogModuleManager: Shutting down and abandoning module AvfMediaEditor (558)
[2018.11.15-13.39.21:792][263]LogModuleManager: Shutting down and abandoning module AndroidMediaFactory (556)
[2018.11.15-13.39.21:792][263]LogModuleManager: Shutting down and abandoning module AndroidMediaEditor (554)
[2018.11.15-13.39.21:792][263]LogModuleManager: Shutting down and abandoning module MagicLeapCameraPreviewFactory (552)
[2018.11.15-13.39.21:792][263]LogModuleManager: Shutting down and abandoning module MagicLeapMediaFactory (550)
[2018.11.15-13.39.21:792][263]LogModuleManager: Shutting down and abandoning module MagicLeapMediaEditor (548)
[2018.11.15-13.39.21:792][263]LogModuleManager: Shutting down and abandoning module CharacterAI (546)
[2018.11.15-13.39.21:792][263]LogModuleManager: Shutting down and abandoning module SmartSnapping (544)
[2018.11.15-13.39.21:792][263]LogModuleManager: Shutting down and abandoning module SessionServices (542)
[2018.11.15-13.39.21:792][263]LogModuleManager: Shutting down and abandoning module ViewportSnapping (540)
[2018.11.15-13.39.21:792][263]LogModuleManager: Shutting down and abandoning module ViewportInteraction (538)
[2018.11.15-13.39.21:792][263]LogModuleManager: Shutting down and abandoning module ClothPainter (536)
[2018.11.15-13.39.21:792][263]LogModuleManager: Shutting down and abandoning module SkeletalMeshEditor (535)
[2018.11.15-13.39.21:792][263]LogModuleManager: Shutting down and abandoning module LogVisualizer (532)
[2018.11.15-13.39.21:792][263]LogModuleManager: Shutting down and abandoning module IntroTutorials (530)
[2018.11.15-13.39.21:792][263]LogModuleManager: Shutting down and abandoning module GameProjectGeneration (529)
[2018.11.15-13.39.21:792][263]LogModuleManager: Shutting down and abandoning module LuminPlatformEditor (526)
[2018.11.15-13.39.21:792][263]LogModuleManager: Shutting down and abandoning module IOSPlatformEditor (524)
[2018.11.15-13.39.21:792][263]LogModuleManager: Shutting down and abandoning module HTML5PlatformEditor (522)
[2018.11.15-13.39.21:792][263]LogModuleManager: Shutting down and abandoning module AndroidPlatformEditor (520)
[2018.11.15-13.39.21:792][263]LogModuleManager: Shutting down and abandoning module AndroidDeviceDetection (519)
[2018.11.15-13.39.22:740][263]LogModuleManager: Shutting down and abandoning module WindowsPlatformEditor (516)
[2018.11.15-13.39.22:740][263]LogModuleManager: Shutting down and abandoning module LuminRuntimeSettings (514)
[2018.11.15-13.39.22:740][263]LogModuleManager: Shutting down and abandoning module IOSRuntimeSettings (512)
[2018.11.15-13.39.22:740][263]LogModuleManager: Shutting down and abandoning module AndroidRuntimeSettings (510)
[2018.11.15-13.39.22:740][263]LogModuleManager: Shutting down and abandoning module InputBindingEditor (508)
[2018.11.15-13.39.22:740][263]LogModuleManager: Shutting down and abandoning module MergeActors (506)
[2018.11.15-13.39.22:740][263]LogModuleManager: Shutting down and abandoning module LocalizationDashboard (504)
[2018.11.15-13.39.22:740][263]LogModuleManager: Shutting down and abandoning module LocalizationService (503)
[2018.11.15-13.39.22:740][263]LogModuleManager: Shutting down and abandoning module HardwareTargeting (500)
[2018.11.15-13.39.22:740][263]LogModuleManager: Shutting down and abandoning module DeviceProfileEditor (498)
[2018.11.15-13.39.22:740][263]LogModuleManager: Shutting down and abandoning module UndoHistory (496)
[2018.11.15-13.39.22:740][263]LogModuleManager: Shutting down and abandoning module XmlParser (494)
[2018.11.15-13.39.22:740][263]LogModuleManager: Shutting down and abandoning module Blutility (492)
[2018.11.15-13.39.22:740][263]LogModuleManager: Shutting down and abandoning module ProjectSettingsViewer (490)
[2018.11.15-13.39.22:740][263]LogModuleManager: Shutting down and abandoning module ProjectTargetPlatformEditor (489)
[2018.11.15-13.39.22:741][263]LogModuleManager: Shutting down and abandoning module EditorSettingsViewer (486)
[2018.11.15-13.39.22:741][263]LogModuleManager: Shutting down and abandoning module SettingsEditor (484)
[2018.11.15-13.39.22:741][263]LogModuleManager: Shutting down and abandoning module ProjectLauncher (482)
[2018.11.15-13.39.22:741][263]LogModuleManager: Shutting down and abandoning module SessionFrontend (480)
[2018.11.15-13.39.22:741][263]LogModuleManager: Shutting down and abandoning module ProfilerClient (478)
[2018.11.15-13.39.22:741][263]LogModuleManager: Shutting down and abandoning module DeviceManager (476)
[2018.11.15-13.39.22:741][263]LogModuleManager: Shutting down and abandoning module TargetDeviceServices (475)
[2018.11.15-13.39.22:794][263]LogModuleManager: Shutting down and abandoning module AutomationController (472)
[2018.11.15-13.39.22:794][263]LogModuleManager: Shutting down and abandoning module AutomationWindow (470)
[2018.11.15-13.39.22:794][263]LogModuleManager: Shutting down and abandoning module Layers (468)
[2018.11.15-13.39.22:794][263]LogModuleManager: Shutting down and abandoning module ComponentVisualizers (466)
[2018.11.15-13.39.22:794][263]LogModuleManager: Shutting down and abandoning module DetailCustomizations (464)
[2018.11.15-13.39.22:794][263]LogModuleManager: Shutting down and abandoning module PackagesDialog (462)
[2018.11.15-13.39.22:794][263]LogModuleManager: Shutting down and abandoning module Persona (460)
[2018.11.15-13.39.22:795][263]LogModuleManager: Shutting down and abandoning module AdvancedPreviewScene (459)
[2018.11.15-13.39.22:795][263]LogModuleManager: Shutting down and abandoning module AnimGraph (457)
[2018.11.15-13.39.22:795][263]LogModuleManager: Shutting down and abandoning module Kismet (454)
[2018.11.15-13.39.22:801][263]LogModuleManager: Shutting down and abandoning module GraphEditor (452)
[2018.11.15-13.39.22:801][263]LogModuleManager: Shutting down and abandoning module ClassViewer (450)
[2018.11.15-13.39.22:801][263]LogModuleManager: Shutting down and abandoning module Toolbox (448)
[2018.11.15-13.39.22:801][263]LogModuleManager: Shutting down and abandoning module ModuleUI (446)
[2018.11.15-13.39.22:801][263]LogModuleManager: Shutting down and abandoning module MovieSceneTools (444)
[2018.11.15-13.39.22:801][263]LogModuleManager: Shutting down and abandoning module OutputLog (442)
[2018.11.15-13.39.22:801][263]LogModuleManager: Shutting down and abandoning module GammaUI (440)
[2018.11.15-13.39.22:801][263]LogModuleManager: Shutting down and abandoning module Documentation (438)
[2018.11.15-13.39.22:801][263]LogModuleManager: Shutting down and abandoning module MovieSceneTracks (436)
[2018.11.15-13.39.22:801][263]LogModuleManager: Shutting down and abandoning module MovieScene (434)
[2018.11.15-13.39.22:801][263]LogModuleManager: Shutting down and abandoning module StreamingPauseRendering (432)
[2018.11.15-13.39.22:801][263]LogModuleManager: Shutting down and abandoning module LauncherPlatform (430)
[2018.11.15-13.39.22:801][263]LogModuleManager: Shutting down and abandoning module AnalyticsET (428)
[2018.11.15-13.39.22:801][263]LogModuleManager: Shutting down and abandoning module PortalServices (426)
[2018.11.15-13.39.22:801][263]LogModuleManager: Shutting down and abandoning module PortalRpc (424)
[2018.11.15-13.39.22:801][263]LogModuleManager: Shutting down and abandoning module MessagingRpc (422)
[2018.11.15-13.39.22:801][263]LogModuleManager: Shutting down and abandoning module AIModule (420)
[2018.11.15-13.39.22:801][263]LogModuleManager: Shutting down and abandoning module GameplayDebugger (419)
[2018.11.15-13.39.22:802][263]LogModuleManager: Shutting down and abandoning module AITestSuite (417)
[2018.11.15-13.39.22:802][263]LogModuleManager: Shutting down and abandoning module NavigationSystem (415)
[2018.11.15-13.39.22:802][263]LogModuleManager: Shutting down and abandoning module DesktopPlatform (412)
[2018.11.15-13.39.22:802][263]LogModuleManager: Shutting down and abandoning module ProfilerService (410)
[2018.11.15-13.39.22:821][263]LogModuleManager: Shutting down and abandoning module TaskGraph (408)
[2018.11.15-13.39.22:821][263]LogModuleManager: Shutting down and abandoning module SynthesisEditor (406)
[2018.11.15-13.39.22:821][263]LogModuleManager: Shutting down and abandoning module Synthesis (404)
[2018.11.15-13.39.22:822][263]LogModuleManager: Shutting down and abandoning module SteamVRController (402)
[2018.11.15-13.39.22:822][263]LogModuleManager: Shutting down and abandoning module SoundVisualizations (400)
[2018.11.15-13.39.22:822][263]LogModuleManager: Shutting down and abandoning module SoundUtilitiesEditor (398)
[2018.11.15-13.39.22:822][263]LogModuleManager: Shutting down and abandoning module SoundUtilities (396)
[2018.11.15-13.39.22:822][263]LogModuleManager: Shutting down and abandoning module ProceduralMeshComponentEditor (394)
[2018.11.15-13.39.22:822][263]LogModuleManager: Shutting down and abandoning module ProceduralMeshComponent (392)
[2018.11.15-13.39.22:822][263]LogModuleManager: Shutting down and abandoning module OculusInput (390)
[2018.11.15-13.39.22:822][263]LogModuleManager: Shutting down and abandoning module MobilePatchingUtils (388)
[2018.11.15-13.39.22:822][263]LogModuleManager: Shutting down and abandoning module EditableMesh (386)
[2018.11.15-13.39.22:822][263]LogModuleManager: Shutting down and abandoning module CustomMeshComponent (384)
[2018.11.15-13.39.22:822][263]LogModuleManager: Shutting down and abandoning module CableComponent (382)
[2018.11.15-13.39.22:822][263]LogModuleManager: Shutting down and abandoning module AudioCapture (380)
[2018.11.15-13.39.22:822][263]LogModuleManager: Shutting down and abandoning module ArchVisCharacter (378)
[2018.11.15-13.39.22:822][263]LogModuleManager: Shutting down and abandoning module AndroidPermission (376)
[2018.11.15-13.39.22:822][263]LogModuleManager: Shutting down and abandoning module NUTUnrealEngine4 (374)
[2018.11.15-13.39.22:822][263]LogModuleManager: Shutting down and abandoning module NetcodeUnitTest (372)
[2018.11.15-13.39.22:822][263]LogModuleManager: Shutting down and abandoning module MediaCompositingEditor (370)
[2018.11.15-13.39.22:822][263]LogModuleManager: Shutting down and abandoning module MediaCompositing (368)
[2018.11.15-13.39.22:822][263]LogModuleManager: Shutting down and abandoning module LinearTimecode (366)
[2018.11.15-13.39.22:823][263]LogModuleManager: Shutting down and abandoning module ImgMedia (364)
[2018.11.15-13.39.22:826][263]LogModuleManager: Shutting down and abandoning module HTML5Networking (362)
[2018.11.15-13.39.22:826][263]LogModuleManager: Shutting down and abandoning module GeometryCacheTracks (360)
[2018.11.15-13.39.22:826][263]LogModuleManager: Shutting down and abandoning module GeometryCacheSequencer (358)
[2018.11.15-13.39.22:826][263]LogModuleManager: Shutting down and abandoning module BackChannel (356)
[2018.11.15-13.39.22:826][263]LogModuleManager: Shutting down and abandoning module AppleVision (354)
[2018.11.15-13.39.22:826][263]LogModuleManager: Shutting down and abandoning module AppleImageUtils (352)
[2018.11.15-13.39.22:826][263]LogModuleManager: Shutting down and abandoning module AlembicImporter (350)
[2018.11.15-13.39.22:827][263]LogModuleManager: Shutting down and abandoning module AlembicLibrary (349)
[2018.11.15-13.39.22:827][263]LogModuleManager: Shutting down and abandoning module GeometryCache (348)
[2018.11.15-13.39.22:827][263]LogModuleManager: Shutting down and abandoning module GeometryCacheEd (347)
[2018.11.15-13.39.22:827][263]LogModuleManager: Shutting down and abandoning module DatasmithContentEditor (342)
[2018.11.15-13.39.22:827][263]LogModuleManager: Shutting down and abandoning module DatasmithContent (340)
[2018.11.15-13.39.22:827][263]LogModuleManager: Shutting down and abandoning module SpeedTreeImporter (338)
[2018.11.15-13.39.22:827][263]LogModuleManager: Shutting down and abandoning module PluginBrowser (336)
[2018.11.15-13.39.22:827][263]LogModuleManager: Shutting down and abandoning module MobileLauncherProfileWizard (334)
[2018.11.15-13.39.22:827][263]LogModuleManager: Shutting down and abandoning module PolygonModeling (332)
[2018.11.15-13.39.22:827][263]LogModuleManager: Shutting down and abandoning module MeshEditor (330)
[2018.11.15-13.39.22:827][263]LogModuleManager: Shutting down and abandoning module CryptoKeysOpenSSL (328)
[2018.11.15-13.39.22:827][263]LogModuleManager: Shutting down and abandoning module CryptoKeys (326)
[2018.11.15-13.39.22:827][263]LogModuleManager: Shutting down and abandoning module VisualStudioSourceCodeAccess (324)
[2018.11.15-13.39.22:828][263]LogModuleManager: Shutting down and abandoning module VisualStudioCodeSourceCodeAccess (322)
[2018.11.15-13.39.22:828][263]LogModuleManager: Shutting down and abandoning module UObjectPlugin (320)
[2018.11.15-13.39.22:828][263]LogModuleManager: Shutting down and abandoning module SubversionSourceControl (318)
[2018.11.15-13.39.22:828][263]LogModuleManager: Shutting down and abandoning module PerforceSourceControl (316)
[2018.11.15-13.39.22:828][263]LogModuleManager: Shutting down and abandoning module GitSourceControl (314)
[2018.11.15-13.39.22:828][263]LogModuleManager: Shutting down and abandoning module SourceControl (313)
[2018.11.15-13.39.22:828][263]LogModuleManager: Shutting down and abandoning module CLionSourceCodeAccess (310)
[2018.11.15-13.39.22:828][263]LogModuleManager: Shutting down and abandoning module LightPropagationVolumeEditor (308)
[2018.11.15-13.39.22:828][263]LogModuleManager: Shutting down and abandoning module PaperTiledImporter (306)
[2018.11.15-13.39.22:828][263]LogModuleManager: Shutting down and abandoning module PaperSpriteSheetImporter (304)
[2018.11.15-13.39.22:828][263]LogModuleManager: Shutting down and abandoning module Paper2DEditor (302)
[2018.11.15-13.39.22:828][263]LogModuleManager: Shutting down and abandoning module MeshPaint (301)
[2018.11.15-13.39.22:828][263]LogModuleManager: Shutting down and abandoning module RuntimePhysXCooking (298)
[2018.11.15-13.39.22:828][263]LogModuleManager: Shutting down and abandoning module PhysXVehiclesEditor (296)
[2018.11.15-13.39.22:828][263]LogModuleManager: Shutting down and abandoning module PhysXVehicles (294)
[2018.11.15-13.39.22:828][263]LogModuleManager: Shutting down and abandoning module OculusEditor (292)
[2018.11.15-13.39.22:828][263]LogModuleManager: Shutting down and abandoning module LocationServicesBPLibrary (290)
[2018.11.15-13.39.22:828][263]LogModuleManager: Shutting down and abandoning module ImmediatePhysicsEditor (288)
[2018.11.15-13.39.22:828][263]LogModuleManager: Shutting down and abandoning module ImmediatePhysics (286)
[2018.11.15-13.39.22:828][263]LogModuleManager: Shutting down and abandoning module ActorSequence (284)
[2018.11.15-13.39.22:828][263]LogModuleManager: Shutting down and abandoning module UdpMessaging (282)
[2018.11.15-13.39.22:929][263]LogModuleManager: Shutting down and abandoning module TcpMessaging (280)
[2018.11.15-13.39.23:030][263]LogModuleManager: Shutting down and abandoning module MagicLeapAudio (278)
[2018.11.15-13.39.23:030][263]LogModuleManager: Shutting down and abandoning module GameplayTagsEditor (276)
[2018.11.15-13.39.23:030][263]LogModuleManager: Shutting down and abandoning module FacialAnimationEditor (274)
[2018.11.15-13.39.23:030][263]LogModuleManager: Shutting down and abandoning module FacialAnimation (272)
[2018.11.15-13.39.23:030][263]LogModuleManager: Shutting down and abandoning module DataValidation (270)
[2018.11.15-13.39.23:030][263]LogModuleManager: Shutting down and abandoning module AssetManagerEditor (268)
[2018.11.15-13.39.23:030][263]LogModuleManager: Shutting down and abandoning module LevelEditor (267)
[2018.11.15-13.39.23:031][263]LogModuleManager: Shutting down and abandoning module PixelInspectorModule (266)
[2018.11.15-13.39.23:031][263]LogModuleManager: Shutting down and abandoning module CommonMenuExtensions (264)
[2018.11.15-13.39.23:032][263]LogModuleManager: Shutting down and abandoning module MainFrame (262)
[2018.11.15-13.39.23:032][263]LogModuleManager: Shutting down and abandoning module HotReload (261)
[2018.11.15-13.39.23:032][263]LogModuleManager: Shutting down and abandoning module ContentBrowser (257)
[2018.11.15-13.39.23:033][263]LogModuleManager: Shutting down and abandoning module TreeMap (255)
[2018.11.15-13.39.23:034][263]LogModuleManager: Shutting down and abandoning module LightPropagationVolumeRuntime (252)
[2018.11.15-13.39.23:034][263]LogModuleManager: Shutting down and abandoning module AISupportModule (250)
[2018.11.15-13.39.23:034][263]LogModuleManager: Shutting down and abandoning module Paper2D (248)
[2018.11.15-13.39.23:034][263]LogModuleManager: Shutting down and abandoning module WindowsMoviePlayer (246)
[2018.11.15-13.39.23:034][263]LogModuleManager: Shutting down and abandoning module WmfMedia (244)
[2018.11.15-13.39.23:034][263]LogModuleManager: Shutting down and abandoning module Media (243)
[2018.11.15-13.39.23:040][263]LogModuleManager: Shutting down and abandoning module PacketHandler (240)
[2018.11.15-13.39.23:040][263]LogModuleManager: Shutting down and abandoning module ClothingSystemEditor (238)
[2018.11.15-13.39.23:040][263]LogModuleManager: Shutting down and abandoning module ClothingSystemRuntime (236)
[2018.11.15-13.39.23:040][263]LogModuleManager: Shutting down and abandoning module MediaAssets (234)
[2018.11.15-13.39.23:040][263]LogModuleManager: Shutting down and abandoning module Overlay (232)
[2018.11.15-13.39.23:040][263]LogModuleManager: Shutting down and abandoning module OverlayEditor (231)
[2018.11.15-13.39.23:040][263]LogModuleManager: Shutting down and abandoning module VREditor (228)
[2018.11.15-13.39.23:040][263]LogModuleManager: Shutting down and abandoning module StringTableEditor (226)
[2018.11.15-13.39.23:040][263]LogModuleManager: Shutting down and abandoning module GameplayTasksEditor (224)
[2018.11.15-13.39.23:040][263]LogModuleManager: Shutting down and abandoning module BehaviorTreeEditor (222)
[2018.11.15-13.39.23:040][263]LogModuleManager: Shutting down and abandoning module FunctionalTesting (220)
[2018.11.15-13.39.23:040][263]LogModuleManager: Shutting down and abandoning module CollisionAnalyzer (218)
[2018.11.15-13.39.23:040][263]LogModuleManager: Shutting down and abandoning module WorkspaceMenuStructure (217)
[2018.11.15-13.39.23:040][263]LogModuleManager: Shutting down and abandoning module UMG (214)
[2018.11.15-13.39.23:041][263]LogModuleManager: Shutting down and abandoning module UMGEditor (213)
[2018.11.15-13.39.23:041][263]LogModuleManager: Shutting down and abandoning module Sequencer (212)
[2018.11.15-13.39.23:041][263]LogModuleManager: Shutting down and abandoning module MessageLog (209)
[2018.11.15-13.39.23:041][263]LogModuleManager: Shutting down and abandoning module SlateReflector (204)
[2018.11.15-13.39.23:041][263]LogModuleManager: Shutting down and abandoning module Slate (202)
[2018.11.15-13.39.23:041][263]LogModuleManager: Shutting down and abandoning module EditorStyle (200)
[2018.11.15-13.39.23:044][263]LogModuleManager: Shutting down and abandoning module MRMesh (198)
[2018.11.15-13.39.23:044][263]LogModuleManager: Shutting down and abandoning module SourceCodeAccess (196)
[2018.11.15-13.39.23:044][263]LogModuleManager: Shutting down and abandoning module HeadMountedDisplay (194)
[2018.11.15-13.39.23:044][263]LogModuleManager: Shutting down and abandoning module XAudio2 (192)
[2018.11.15-13.39.23:044][263]LogModuleManager: Shutting down and abandoning module Networking (190)
[2018.11.15-13.39.23:044][263]LogModuleManager: Shutting down and abandoning module Core (188)
[2018.11.15-13.39.23:044][263]LogModuleManager: Shutting down and abandoning module LevelSequence (186)
[2018.11.15-13.39.23:044][263]LogModuleManager: Shutting down and abandoning module KismetCompiler (184)
[2018.11.15-13.39.23:044][263]LogModuleManager: Shutting down and abandoning module MeshUtilities (182)
[2018.11.15-13.39.23:044][263]LogModuleManager: Shutting down and abandoning module MeshMergeUtilities (181)
[2018.11.15-13.39.23:044][263]LogModuleManager: Shutting down and abandoning module MeshReductionInterface (180)
[2018.11.15-13.39.23:044][263]LogModuleManager: Shutting down and abandoning module SimplygonSwarm (179)
[2018.11.15-13.39.23:044][263]LogModuleManager: Shutting down and abandoning module ProxyLODMeshReduction (177)
[2018.11.15-13.39.23:044][263]LogModuleManager: Shutting down and abandoning module SimplygonMeshReduction (175)
[2018.11.15-13.39.23:044][263]LogModuleManager: Shutting down and abandoning module QuadricMeshReduction (173)
[2018.11.15-13.39.23:044][263]LogModuleManager: Shutting down and abandoning module MaterialBaking (169)
[2018.11.15-13.39.23:044][263]LogModuleManager: Shutting down and abandoning module DirectoryWatcher (165)
[2018.11.15-13.39.23:044][263]LogModuleManager: Shutting down and abandoning module DerivedDataCache (162)
[2018.11.15-13.39.23:338][263]LogDerivedDataCache: Shutdown
[2018.11.15-13.39.23:338][263]LogModuleManager: Shutting down and abandoning module XGEController (160)
[2018.11.15-13.39.23:338][263]LogModuleManager: Shutting down and abandoning module TargetPlatform (158)
[2018.11.15-13.39.23:338][263]LogModuleManager: Shutting down and abandoning module VulkanShaderFormat (157)
[2018.11.15-13.39.23:338][263]LogModuleManager: Shutting down and abandoning module ShaderFormatVectorVM (155)
[2018.11.15-13.39.23:338][263]LogModuleManager: Shutting down and abandoning module ShaderFormatOpenGL (153)
[2018.11.15-13.39.23:338][263]LogModuleManager: Shutting down and abandoning module ShaderFormatD3D (151)
[2018.11.15-13.39.23:338][263]LogModuleManager: Shutting down and abandoning module MetalShaderFormat (149)
[2018.11.15-13.39.23:338][263]LogModuleManager: Shutting down and abandoning module TextureFormatUncompressed (147)
[2018.11.15-13.39.23:338][263]LogModuleManager: Shutting down and abandoning module TextureFormatPVR (145)
[2018.11.15-13.39.23:338][263]LogModuleManager: Shutting down and abandoning module TextureFormatDXT (143)
[2018.11.15-13.39.23:338][263]LogModuleManager: Shutting down and abandoning module TextureFormatIntelISPCTexComp (141)
[2018.11.15-13.39.23:338][263]LogModuleManager: Shutting down and abandoning module TextureFormatASTC (139)
[2018.11.15-13.39.23:338][263]LogModuleManager: Shutting down and abandoning module ImageWrapper (138)
[2018.11.15-13.39.23:338][263]LogModuleManager: Shutting down and abandoning module TextureFormatAndroid (135)
[2018.11.15-13.39.23:338][263]LogModuleManager: Shutting down and abandoning module AudioFormatOpus (133)
[2018.11.15-13.39.23:339][263]LogModuleManager: Shutting down and abandoning module AudioFormatOgg (131)
[2018.11.15-13.39.23:339][263]LogModuleManager: Shutting down and abandoning module AudioFormatADPCM (129)
[2018.11.15-13.39.23:339][263]LogModuleManager: Shutting down and abandoning module LuminTargetPlatform (127)
[2018.11.15-13.39.23:339][263]LogModuleManager: Shutting down and abandoning module LinuxTargetPlatform (125)
[2018.11.15-13.39.23:339][263]LogModuleManager: Shutting down and abandoning module LinuxServerTargetPlatform (123)
[2018.11.15-13.39.23:339][263]LogModuleManager: Shutting down and abandoning module LinuxNoEditorTargetPlatform (121)
[2018.11.15-13.39.23:339][263]LogModuleManager: Shutting down and abandoning module LinuxClientTargetPlatform (119)
[2018.11.15-13.39.23:339][263]LogModuleManager: Shutting down and abandoning module TVOSTargetPlatform (117)
[2018.11.15-13.39.23:340][263]LogModuleManager: Shutting down and abandoning module Messaging (115)
[2018.11.15-13.39.23:340][263]LogModuleManager: Shutting down and abandoning module IOSTargetPlatform (113)
[2018.11.15-13.39.23:341][263]LogModuleManager: Shutting down and abandoning module HTML5TargetPlatform (111)
[2018.11.15-13.39.23:341][263]LogModuleManager: Shutting down and abandoning module AndroidTargetPlatform (109)
[2018.11.15-13.39.23:350][263]LogModuleManager: Shutting down and abandoning module WindowsTargetPlatform (107)
[2018.11.15-13.39.23:351][263]LogModuleManager: Shutting down and abandoning module WindowsServerTargetPlatform (105)
[2018.11.15-13.39.23:351][263]LogModuleManager: Shutting down and abandoning module WindowsNoEditorTargetPlatform (103)
[2018.11.15-13.39.23:351][263]LogModuleManager: Shutting down and abandoning module WindowsClientTargetPlatform (101)
[2018.11.15-13.39.23:351][263]LogModuleManager: Shutting down and abandoning module MacTargetPlatform (99)
[2018.11.15-13.39.23:351][263]LogModuleManager: Shutting down and abandoning module MacServerTargetPlatform (97)
[2018.11.15-13.39.23:351][263]LogModuleManager: Shutting down and abandoning module MacNoEditorTargetPlatform (95)
[2018.11.15-13.39.23:351][263]LogModuleManager: Shutting down and abandoning module MacClientTargetPlatform (93)
[2018.11.15-13.39.23:351][263]LogModuleManager: Shutting down and abandoning module AllDesktopTargetPlatform (91)
[2018.11.15-13.39.23:351][263]LogModuleManager: Shutting down and abandoning module InputCore (88)
[2018.11.15-13.39.23:351][263]LogModuleManager: Shutting down and abandoning module Settings (86)
[2018.11.15-13.39.23:351][263]LogModuleManager: Shutting down and abandoning module PhysXCooking (84)
[2018.11.15-13.39.23:351][263]LogModuleManager: Shutting down and abandoning module SteamVR (82)
[2018.11.15-13.39.23:351][263]LogModuleManager: Shutting down and abandoning module OculusHMD (80)
[2018.11.15-13.39.23:351][263]LogModuleManager: Shutting down and abandoning module ExampleDeviceProfileSelector (78)
[2018.11.15-13.39.23:351][263]LogModuleManager: Shutting down and abandoning module LauncherChunkInstaller (76)
[2018.11.15-13.39.23:351][263]LogModuleManager: Shutting down and abandoning module OnlineBlueprintSupport (74)
[2018.11.15-13.39.23:351][263]LogModuleManager: Shutting down and abandoning module OnlineSubsystem (70)
[2018.11.15-13.39.23:352][263]LogModuleManager: Shutting down and abandoning module XMPP (65)
[2018.11.15-13.39.23:352][263]LogModuleManager: Shutting down and abandoning module WebSockets (64)
[2018.11.15-13.39.23:363][263]LogModuleManager: Shutting down and abandoning module HTTP (61)
[2018.11.15-13.39.23:363][263]LogHttp: Display: Http module shutting down, but needs to wait on 1 outstanding Http requests:
[2018.11.15-13.39.23:363][263]LogHttp: Display: 	verb=[POST] url=[https://datarouter.ol.epicgames.com/datarouter/api/v1/public/data?SessionID=%7BA8268EA5-4992-CF8A-C33B-85A3C040D7C3%7D&AppID=UEEditor.Rocket.Release&AppVersion=4.20.3-4369336%2B%2B%2BUE4%2BRelease-4.20&UserID=8d0bf9504c746009dcb127bab1ca2664%7C0d3f10db94504d3ebd943dfebe0f0e34%7C9b046bee-9c5e-4c96-8a4f-789637931ee8&AppEnvironment=datacollector-binary&UploadType=eteventstream] status=Processing
[2018.11.15-13.39.23:380][263]LogModuleManager: Shutting down and abandoning module SSL (60)
[2018.11.15-13.39.23:381][263]LogModuleManager: Shutting down and abandoning module MagicLeapEmulator (56)
[2018.11.15-13.39.23:381][263]LogModuleManager: Shutting down and abandoning module MagicLeapPrivileges (54)
[2018.11.15-13.39.23:381][263]LogModuleManager: Shutting down and abandoning module MagicLeapIdentity (52)
[2018.11.15-13.39.23:381][263]LogModuleManager: Shutting down and abandoning module MagicLeapHelperVulkan (50)
[2018.11.15-13.39.23:381][263]LogModuleManager: Shutting down and abandoning module MagicLeapHelperOpenGL (48)
[2018.11.15-13.39.23:381][263]LogModuleManager: Shutting down and abandoning module MagicLeapSecureStorage (46)
[2018.11.15-13.39.23:381][263]LogModuleManager: Shutting down and abandoning module MagicLeapGestures (44)
[2018.11.15-13.39.23:381][263]LogModuleManager: Shutting down and abandoning module MagicLeapEyeTracker (42)
[2018.11.15-13.39.23:382][263]LogModuleManager: Shutting down and abandoning module MagicLeapController (40)
[2018.11.15-13.39.23:382][263]LogSlate: Slate User Destroyed.  User Index 0, Is Virtual User: 0
[2018.11.15-13.39.23:382][263]LogModuleManager: Shutting down and abandoning module MagicLeap (38)
[2018.11.15-13.39.23:382][263]LogModuleManager: Shutting down and abandoning module AnimationModifiers (36)
[2018.11.15-13.39.23:382][263]LogModuleManager: Shutting down and abandoning module PropertyEditor (35)
[2018.11.15-13.39.23:382][263]LogModuleManager: Shutting down and abandoning module AudioEditor (32)
[2018.11.15-13.39.23:382][263]LogModuleManager: Shutting down and abandoning module TextureCompressor (30)
[2018.11.15-13.39.23:383][263]LogModuleManager: Shutting down and abandoning module ShaderCore (28)
[2018.11.15-13.39.23:383][263]LogModuleManager: Shutting down and abandoning module Landscape (26)
[2018.11.15-13.39.23:383][263]LogModuleManager: Shutting down and abandoning module SlateRHIRenderer (24)
[2018.11.15-13.39.23:384][263]LogModuleManager: Shutting down and abandoning module OpenGLDrv (22)
[2018.11.15-13.39.23:384][263]LogModuleManager: Shutting down and abandoning module D3D11RHI (20)
[2018.11.15-13.39.23:384][263]LogModuleManager: Shutting down and abandoning module AnimGraphRuntime (18)
[2018.11.15-13.39.23:384][263]LogModuleManager: Shutting down and abandoning module Renderer (16)
[2018.11.15-13.39.23:384][263]LogModuleManager: Shutting down and abandoning module Engine (14)
[2018.11.15-13.39.23:384][263]LogModuleManager: Shutting down and abandoning module CoreUObject (12)
[2018.11.15-13.39.23:384][263]LogModuleManager: Shutting down and abandoning module NetworkFile (10)
[2018.11.15-13.39.23:384][263]LogModuleManager: Shutting down and abandoning module CookedIterativeFile (8)
[2018.11.15-13.39.23:384][263]LogModuleManager: Shutting down and abandoning module StreamingFile (6)
[2018.11.15-13.39.23:384][263]LogModuleManager: Shutting down and abandoning module SandboxFile (4)
[2018.11.15-13.39.23:384][263]LogModuleManager: Shutting down and abandoning module PakFile (2)
[2018.11.15-13.39.23:390][263]LogExit: Exiting.
[2018.11.15-13.39.23:423][263]Log file closed, 11/15/18 16:39:23
